\begin{tabular}{|>{\columncolor{orange!10}}c|*{ 10 }{c!{\dashed}}c|}\rowcolor{orange!10}\hline\diagbox[height=8mm]{$n$}{$k$}
& 0
& 1
& 2
& 3
& 4
& 5
& 6
& 7
& 8
& 9
& 10
\\\hline  0
&1
&
&
&
&
&
&
&
&
&
&
\\\hline  1
&1
& 1
&
&
&
&
&
&
&
&
&
\\\hline  2
&1
& 2
& 1
&
&
&
&
&
&
&
&
\\\hline  3
&1
& 3
& 3
& 1
&
&
&
&
&
&
&
\\\hline  4
&1
& 4
& 6
& 4
& 1
&
&
&
&
&
&
\\\hline  5
&1
& 5
& 10
& 10
& 5
& 1
&
&
&
&
&
\\\hline  6
&1
& 6
& 15
& 20
& 15
& 6
& 1
&
&
&
&
\\\hline  7
&1
& 7
& 21
& 35
& 35
& 21
& 7
& 1
&
&
&
\\\hline  8
&1
& 8
& 28
& 56
& 70
& 56
& 28
& 8
& 1
&
&
\\\hline  9
&1
& 9
& 36
& 84
& 126
& 126
& 84
& 36
& 9
& 1
&
\\\hline  10
&1
& 10
& 45
& 120
& 210
& 252
& 210
& 120
& 45
& 10
& 1
\\\hline\end{tabular}
