\BOOKMARK [0][-]{chapter.1}{1 Installation et premiers conseils}{}% 1
\BOOKMARK [1][-]{section.1.1}{I Principes g\351n\351raux}{chapter.1}% 2
\BOOKMARK [1][-]{section.1.2}{II Les distributions}{chapter.1}% 3
\BOOKMARK [1][-]{section.1.3}{III \311diteurs de textes}{chapter.1}% 4
\BOOKMARK [1][-]{section.1.4}{IV Afficher le fichier .pdf obtenu apr\350s compilation dans TexMaker}{chapter.1}% 5
\BOOKMARK [1][-]{section.1.5}{V Personnalisation de TexMaker}{chapter.1}% 6
\BOOKMARK [1][-]{section.1.6}{VI Installer un nouveau package non pr\351sent dans la distribution}{chapter.1}% 7
\BOOKMARK [2][-]{subsection.1.6.1}{A \253 \300 la main \273 }{section.1.6}% 8
\BOOKMARK [2][-]{subsection.1.6.2}{B V\351rifier si un package est pr\351sent dans la distribution avec TeX Live Manager}{section.1.6}% 9
\BOOKMARK [1][-]{section.1.7}{VII Sites sur lesquels on trouve des documents \351crits avec LaTeX}{chapter.1}% 10
\BOOKMARK [1][-]{section.1.8}{VIII Logiciels ou sites permettant d'extraire du code LaTeX}{chapter.1}% 11
\BOOKMARK [0][-]{chapter.2}{2 Premier document}{}% 12
\BOOKMARK [1][-]{section.2.1}{I Mon premier document LaTeX}{chapter.2}% 13
\BOOKMARK [2][-]{subsection.2.1.1}{A \311crire un fichier source}{section.2.1}% 14
\BOOKMARK [2][-]{subsection.2.1.2}{B Premi\350res remarques}{section.2.1}% 15
\BOOKMARK [1][-]{section.2.2}{II Explication rapide du code source}{chapter.2}% 16
\BOOKMARK [2][-]{subsection.2.2.1}{A Structure du code source}{section.2.2}% 17
\BOOKMARK [2][-]{subsection.2.2.2}{B Explication du pr\351ambule}{section.2.2}% 18
\BOOKMARK [1][-]{section.2.3}{III Commandes}{chapter.2}% 19
\BOOKMARK [2][-]{subsection.2.3.1}{A Arguments d'une commande}{section.2.3}% 20
\BOOKMARK [2][-]{subsection.2.3.2}{B Commandes semi-globales}{section.2.3}% 21
\BOOKMARK [2][-]{subsection.2.3.3}{C Les packages}{section.2.3}% 22
\BOOKMARK [1][-]{section.2.4}{IV Les caract\350res sp\351ciaux}{chapter.2}% 23
\BOOKMARK [0][-]{chapter.3}{3 Mise en forme}{}% 24
\BOOKMARK [1][-]{section.3.1}{I Mise en forme de base}{chapter.3}% 25
\BOOKMARK [2][-]{subsection.3.1.1}{A Un premier exemple}{section.3.1}% 26
\BOOKMARK [2][-]{subsection.3.1.2}{B Police et fontes}{section.3.1}% 27
\BOOKMARK [2][-]{subsection.3.1.3}{C Changement de la taille des fontes}{section.3.1}% 28
\BOOKMARK [2][-]{subsection.3.1.4}{D Alignement}{section.3.1}% 29
\BOOKMARK [2][-]{subsection.3.1.5}{E Espaces}{section.3.1}% 30
\BOOKMARK [1][-]{section.3.2}{II Couleur}{chapter.3}% 31
\BOOKMARK [1][-]{section.3.3}{III Mise en page}{chapter.3}% 32
\BOOKMARK [2][-]{subsection.3.3.1}{A Dimensions de la page}{section.3.3}% 33
\BOOKMARK [2][-]{subsection.3.3.2}{B Multicolonnes}{section.3.3}% 34
\BOOKMARK [1][-]{section.3.4}{IV Structurer un document}{chapter.3}% 35
\BOOKMARK [2][-]{subsection.3.4.1}{A Listes structur\351es}{section.3.4}% 36
\BOOKMARK [2][-]{subsection.3.4.2}{B Sectionnement}{section.3.4}% 37
\BOOKMARK [2][-]{subsection.3.4.3}{C R\351f\351rences crois\351es}{section.3.4}% 38
\BOOKMARK [1][-]{section.3.5}{V Renvois}{chapter.3}% 39
\BOOKMARK [0][-]{chapter.4}{4 Math\351matiques}{}% 40
\BOOKMARK [1][-]{section.4.1}{I Un premier exemple}{chapter.4}% 41
\BOOKMARK [2][-]{subsection.4.1.1}{A Utilisation de \134usepackage[autolanguage,np]\173numprint\175}{section.4.1}% 42
\BOOKMARK [2][-]{subsection.4.1.2}{B Utilisation de \134usepackage\173xlop\175}{section.4.1}% 43
\BOOKMARK [2][-]{subsection.4.1.3}{C Utilisation de \134usepackage\173cancel\175}{section.4.1}% 44
\BOOKMARK [2][-]{subsection.4.1.4}{D Utilisation \134usepackage\173dsfont\175}{section.4.1}% 45
\BOOKMARK [2][-]{subsection.4.1.5}{E Fontes math\351matiques}{section.4.1}% 46
\BOOKMARK [1][-]{section.4.2}{II Les modes math\351matiques}{chapter.4}% 47
\BOOKMARK [2][-]{subsection.4.2.1}{A En ligne ou hors du texte ?}{section.4.2}% 48
\BOOKMARK [2][-]{subsection.4.2.2}{B Du texte dans des formules}{section.4.2}% 49
\BOOKMARK [2][-]{subsection.4.2.3}{C Les espaces}{section.4.2}% 50
\BOOKMARK [1][-]{section.4.3}{III \311crire des math\351matiques de la sixi\350me \340 la terminale}{chapter.4}% 51
\BOOKMARK [2][-]{subsection.4.3.1}{A Au coll\350ge}{section.4.3}% 52
\BOOKMARK [2][-]{subsection.4.3.2}{B Au lyc\351e}{section.4.3}% 53
\BOOKMARK [2][-]{subsection.4.3.3}{C En licence}{section.4.3}% 54
\BOOKMARK [1][-]{section.4.4}{IV Aligner des \351galit\351s}{chapter.4}% 55
\BOOKMARK [1][-]{section.4.5}{V \311crire un syst\350me}{chapter.4}% 56
\BOOKMARK [0][-]{chapter.5}{5 Tableaux}{}% 57
\BOOKMARK [1][-]{section.5.1}{I Composer un tableau}{chapter.5}% 58
\BOOKMARK [2][-]{subsection.5.1.1}{A Cr\351er des lignes et des colonnes}{section.5.1}% 59
\BOOKMARK [2][-]{subsection.5.1.2}{B Fusionner des colonnes}{section.5.1}% 60
\BOOKMARK [2][-]{subsection.5.1.3}{C Sp\351cificateurs de colonne suppl\351mentaires}{section.5.1}% 61
\BOOKMARK [1][-]{section.5.2}{II Les tableaux en math\351matiques}{chapter.5}% 62
\BOOKMARK [2][-]{subsection.5.2.1}{A L'environnement array}{section.5.2}% 63
\BOOKMARK [2][-]{subsection.5.2.2}{B Les syst\350mes}{section.5.2}% 64
\BOOKMARK [2][-]{subsection.5.2.3}{C Les matrices}{section.5.2}% 65
\BOOKMARK [1][-]{section.5.3}{III Tableaux de signes et tableaux de variations}{chapter.5}% 66
\BOOKMARK [2][-]{subsection.5.3.1}{A Tableaux de signes}{section.5.3}% 67
\BOOKMARK [2][-]{subsection.5.3.2}{B Tableaux de variations}{section.5.3}% 68
\BOOKMARK [2][-]{subsection.5.3.3}{C Un m\351lange}{section.5.3}% 69
\BOOKMARK [2][-]{subsection.5.3.4}{D Un dernier exemple}{section.5.3}% 70
\BOOKMARK [1][-]{section.5.4}{IV Compl\351ment : le tableur}{chapter.5}% 71
\BOOKMARK [0][-]{chapter.6}{6 Images}{}% 72
\BOOKMARK [1][-]{section.6.1}{I Ins\351rer une image}{chapter.6}% 73
\BOOKMARK [1][-]{section.6.2}{II Modifier une image}{chapter.6}% 74
\BOOKMARK [1][-]{section.6.3}{III Les environnements wrapfigure et minipage}{chapter.6}% 75
\BOOKMARK [1][-]{section.6.4}{IV Une image dans du texte}{chapter.6}% 76
\BOOKMARK [0][-]{chapter.7}{7 Graphiques et g\351om\351trie}{}% 77
\BOOKMARK [1][-]{section.7.1}{I Diff\351rentes m\351thodes }{chapter.7}% 78
\BOOKMARK [1][-]{section.7.2}{II Pr\351sentation g\351n\351rale de TikZ et TkZ}{chapter.7}% 79
\BOOKMARK [1][-]{section.7.3}{III Exemples de figures utilisant TikZ}{chapter.7}% 80
\BOOKMARK [1][-]{section.7.4}{IV Exemples en ligne}{chapter.7}% 81
\BOOKMARK [1][-]{section.7.5}{V Exemples de figures utilisant TkZ}{chapter.7}% 82
\BOOKMARK [0][-]{chapter.8}{8 Arbres pond\351r\351s}{}% 83
\BOOKMARK [0][-]{chapter.9}{9 QR codes}{}% 84
\BOOKMARK [0][-]{chapter.10}{10 Ins\351rer du code}{}% 85
\BOOKMARK [1][-]{section.10.1}{I Ins\351rer du code Scratch}{chapter.10}% 86
\BOOKMARK [1][-]{section.10.2}{II Ins\351rer du code Python}{chapter.10}% 87
