This is pdfTeX, Version 3.14159265-2.6-1.40.16 (TeX Live 2015) (preloaded format=latex 2015.11.4)  27 JAN 2016 10:22
entering extended mode
 \write18 enabled.
 %&-line parsing enabled.
**"M13 la dichotomie.tex"
(./M13 la dichotomie.tex
LaTeX2e <2015/01/01>
Babel <3.9l> and hyphenation patterns for 79 languages loaded.
(/Users/marierenard/Dropbox/LaTeX/tex/Preambule/preambule.tex
(/usr/local/texlive/2015/texmf-dist/tex/latex/base/article.cls
Document Class: article 2014/09/29 v1.4h Standard LaTeX document class
(/usr/local/texlive/2015/texmf-dist/tex/latex/base/size11.clo
File: size11.clo 2014/09/29 v1.4h Standard LaTeX file (size option)
)
\c@part=\count79
\c@section=\count80
\c@subsection=\count81
\c@subsubsection=\count82
\c@paragraph=\count83
\c@subparagraph=\count84
\c@figure=\count85
\c@table=\count86
\abovecaptionskip=\skip41
\belowcaptionskip=\skip42
\bibindent=\dimen102
)
(/usr/local/texlive/2015/texmf-dist/tex/latex/base/inputenc.sty
Package: inputenc 2015/03/17 v1.2c Input encoding file
\inpenc@prehook=\toks14
\inpenc@posthook=\toks15

(/usr/local/texlive/2015/texmf-dist/tex/latex/base/cp1252.def
File: cp1252.def 2015/03/17 v1.2c Input encoding file
))
(/usr/local/texlive/2015/texmf-dist/tex/latex/base/fontenc.sty
Package: fontenc 2005/09/27 v1.99g Standard LaTeX package

(/usr/local/texlive/2015/texmf-dist/tex/latex/base/t1enc.def
File: t1enc.def 2005/09/27 v1.99g Standard LaTeX file
LaTeX Font Info:    Redeclaring font encoding T1 on input line 48.
))
(/usr/local/texlive/2015/texmf-dist/tex/latex/lm/lmodern.sty
Package: lmodern 2009/10/30 v1.6 Latin Modern Fonts
LaTeX Font Info:    Overwriting symbol font `operators' in version `normal'
(Font)                  OT1/cmr/m/n --> OT1/lmr/m/n on input line 22.
LaTeX Font Info:    Overwriting symbol font `letters' in version `normal'
(Font)                  OML/cmm/m/it --> OML/lmm/m/it on input line 23.
LaTeX Font Info:    Overwriting symbol font `symbols' in version `normal'
(Font)                  OMS/cmsy/m/n --> OMS/lmsy/m/n on input line 24.
LaTeX Font Info:    Overwriting symbol font `largesymbols' in version `normal'
(Font)                  OMX/cmex/m/n --> OMX/lmex/m/n on input line 25.
LaTeX Font Info:    Overwriting symbol font `operators' in version `bold'
(Font)                  OT1/cmr/bx/n --> OT1/lmr/bx/n on input line 26.
LaTeX Font Info:    Overwriting symbol font `letters' in version `bold'
(Font)                  OML/cmm/b/it --> OML/lmm/b/it on input line 27.
LaTeX Font Info:    Overwriting symbol font `symbols' in version `bold'
(Font)                  OMS/cmsy/b/n --> OMS/lmsy/b/n on input line 28.
LaTeX Font Info:    Overwriting symbol font `largesymbols' in version `bold'
(Font)                  OMX/cmex/m/n --> OMX/lmex/m/n on input line 29.
LaTeX Font Info:    Overwriting math alphabet `\mathbf' in version `normal'
(Font)                  OT1/cmr/bx/n --> OT1/lmr/bx/n on input line 31.
LaTeX Font Info:    Overwriting math alphabet `\mathsf' in version `normal'
(Font)                  OT1/cmss/m/n --> OT1/lmss/m/n on input line 32.
LaTeX Font Info:    Overwriting math alphabet `\mathit' in version `normal'
(Font)                  OT1/cmr/m/it --> OT1/lmr/m/it on input line 33.
LaTeX Font Info:    Overwriting math alphabet `\mathtt' in version `normal'
(Font)                  OT1/cmtt/m/n --> OT1/lmtt/m/n on input line 34.
LaTeX Font Info:    Overwriting math alphabet `\mathbf' in version `bold'
(Font)                  OT1/cmr/bx/n --> OT1/lmr/bx/n on input line 35.
LaTeX Font Info:    Overwriting math alphabet `\mathsf' in version `bold'
(Font)                  OT1/cmss/bx/n --> OT1/lmss/bx/n on input line 36.
LaTeX Font Info:    Overwriting math alphabet `\mathit' in version `bold'
(Font)                  OT1/cmr/bx/it --> OT1/lmr/bx/it on input line 37.
LaTeX Font Info:    Overwriting math alphabet `\mathtt' in version `bold'
(Font)                  OT1/cmtt/m/n --> OT1/lmtt/m/n on input line 38.
)
(/usr/local/texlive/2015/texmf-dist/tex/latex/psnfss/helvet.sty
Package: helvet 2005/04/12 PSNFSS-v9.2a (WaS) 

(/usr/local/texlive/2015/texmf-dist/tex/latex/graphics/keyval.sty
Package: keyval 2014/10/28 v1.15 key=value parser (DPC)
\KV@toks@=\toks16
))
(/usr/local/texlive/2015/texmf-dist/tex/latex/hyperref/hyperref.sty
Package: hyperref 2012/11/06 v6.83m Hypertext links for LaTeX

(/usr/local/texlive/2015/texmf-dist/tex/generic/oberdiek/hobsub-hyperref.sty
Package: hobsub-hyperref 2012/05/28 v1.13 Bundle oberdiek, subset hyperref (HO)


(/usr/local/texlive/2015/texmf-dist/tex/generic/oberdiek/hobsub-generic.sty
Package: hobsub-generic 2012/05/28 v1.13 Bundle oberdiek, subset generic (HO)
Package: hobsub 2012/05/28 v1.13 Construct package bundles (HO)
Package: infwarerr 2010/04/08 v1.3 Providing info/warning/error messages (HO)
Package: ltxcmds 2011/11/09 v1.22 LaTeX kernel commands for general use (HO)
Package: ifluatex 2010/03/01 v1.3 Provides the ifluatex switch (HO)
Package ifluatex Info: LuaTeX not detected.
Package: ifvtex 2010/03/01 v1.5 Detect VTeX and its facilities (HO)
Package ifvtex Info: VTeX not detected.
Package: intcalc 2007/09/27 v1.1 Expandable calculations with integers (HO)
Package: ifpdf 2011/01/30 v2.3 Provides the ifpdf switch (HO)
Package ifpdf Info: pdfTeX in PDF mode is not detected.
Package: etexcmds 2011/02/16 v1.5 Avoid name clashes with e-TeX commands (HO)
Package etexcmds Info: Could not find \expanded.
(etexcmds)             That can mean that you are not using pdfTeX 1.50 or
(etexcmds)             that some package has redefined \expanded.
(etexcmds)             In the latter case, load this package earlier.
Package: kvsetkeys 2012/04/25 v1.16 Key value parser (HO)
Package: kvdefinekeys 2011/04/07 v1.3 Define keys (HO)
Package: pdftexcmds 2011/11/29 v0.20 Utility functions of pdfTeX for LuaTeX (HO
)
Package pdftexcmds Info: LuaTeX not detected.
Package pdftexcmds Info: \pdf@primitive is available.
Package pdftexcmds Info: \pdf@ifprimitive is available.
Package pdftexcmds Info: \pdfdraftmode is ignored in DVI mode.
Package: pdfescape 2011/11/25 v1.13 Implements pdfTeX's escape features (HO)
Package: bigintcalc 2012/04/08 v1.3 Expandable calculations on big integers (HO
)
Package: bitset 2011/01/30 v1.1 Handle bit-vector datatype (HO)
Package: uniquecounter 2011/01/30 v1.2 Provide unlimited unique counter (HO)
)
Package hobsub Info: Skipping package `hobsub' (already loaded).
Package: letltxmacro 2010/09/02 v1.4 Let assignment for LaTeX macros (HO)
Package: hopatch 2012/05/28 v1.2 Wrapper for package hooks (HO)
Package: xcolor-patch 2011/01/30 xcolor patch
Package: atveryend 2011/06/30 v1.8 Hooks at the very end of document (HO)
Package atveryend Info: \enddocument detected (standard20110627).
Package: atbegshi 2011/10/05 v1.16 At begin shipout hook (HO)
Package: refcount 2011/10/16 v3.4 Data extraction from label references (HO)
Package: hycolor 2011/01/30 v1.7 Color options for hyperref/bookmark (HO)
)
(/usr/local/texlive/2015/texmf-dist/tex/generic/ifxetex/ifxetex.sty
Package: ifxetex 2010/09/12 v0.6 Provides ifxetex conditional
)
(/usr/local/texlive/2015/texmf-dist/tex/latex/oberdiek/auxhook.sty
Package: auxhook 2011/03/04 v1.3 Hooks for auxiliary files (HO)
)
(/usr/local/texlive/2015/texmf-dist/tex/latex/oberdiek/kvoptions.sty
Package: kvoptions 2011/06/30 v3.11 Key value format for package options (HO)
)
\@linkdim=\dimen103
\Hy@linkcounter=\count87
\Hy@pagecounter=\count88

(/usr/local/texlive/2015/texmf-dist/tex/latex/hyperref/pd1enc.def
File: pd1enc.def 2012/11/06 v6.83m Hyperref: PDFDocEncoding definition (HO)
)
\Hy@SavedSpaceFactor=\count89

(/usr/local/texlive/2015/texmf-dist/tex/latex/latexconfig/hyperref.cfg
File: hyperref.cfg 2002/06/06 v1.2 hyperref configuration of TeXLive
)
Package hyperref Info: Option `colorlinks' set `true' on input line 4319.
Package hyperref Info: Hyper figures OFF on input line 4443.
Package hyperref Info: Link nesting OFF on input line 4448.
Package hyperref Info: Hyper index ON on input line 4451.
Package hyperref Info: Plain pages OFF on input line 4458.
Package hyperref Info: Backreferencing OFF on input line 4463.
Package hyperref Info: Implicit mode ON; LaTeX internals redefined.
Package hyperref Info: Bookmarks ON on input line 4688.
\c@Hy@tempcnt=\count90

(/usr/local/texlive/2015/texmf-dist/tex/latex/url/url.sty
\Urlmuskip=\muskip10
Package: url 2013/09/16  ver 3.4  Verb mode for urls, etc.
)
LaTeX Info: Redefining \url on input line 5041.
\XeTeXLinkMargin=\dimen104
\Fld@menulength=\count91
\Field@Width=\dimen105
\Fld@charsize=\dimen106
Package hyperref Info: Hyper figures OFF on input line 6295.
Package hyperref Info: Link nesting OFF on input line 6300.
Package hyperref Info: Hyper index ON on input line 6303.
Package hyperref Info: backreferencing OFF on input line 6310.
Package hyperref Info: Link coloring ON on input line 6313.
Package hyperref Info: Link coloring with OCG OFF on input line 6320.
Package hyperref Info: PDF/A mode OFF on input line 6325.
LaTeX Info: Redefining \ref on input line 6365.
LaTeX Info: Redefining \pageref on input line 6369.
\Hy@abspage=\count92
\c@Item=\count93
\c@Hfootnote=\count94
)

Package hyperref Message: Driver: hdvips.

(/usr/local/texlive/2015/texmf-dist/tex/latex/hyperref/hdvips.def
File: hdvips.def 2012/11/06 v6.83m Hyperref driver for dvips

(/usr/local/texlive/2015/texmf-dist/tex/latex/hyperref/pdfmark.def
File: pdfmark.def 2012/11/06 v6.83m Hyperref definitions for pdfmark specials
\pdf@docset=\toks17
\pdf@box=\box26
\pdf@toks=\toks18
\pdf@defaulttoks=\toks19
\HyField@AnnotCount=\count95
\Fld@listcount=\count96
\c@bookmark@seq@number=\count97

(/usr/local/texlive/2015/texmf-dist/tex/latex/oberdiek/rerunfilecheck.sty
Package: rerunfilecheck 2011/04/15 v1.7 Rerun checks for auxiliary files (HO)
Package uniquecounter Info: New unique counter `rerunfilecheck' on input line 2
82.
)
\Hy@SectionHShift=\skip43
))
(/usr/local/texlive/2015/texmf-dist/tex/latex/geometry/geometry.sty
Package: geometry 2010/09/12 v5.6 Page Geometry
\Gm@cnth=\count98
\Gm@cntv=\count99
\c@Gm@tempcnt=\count100
\Gm@bindingoffset=\dimen107
\Gm@wd@mp=\dimen108
\Gm@odd@mp=\dimen109
\Gm@even@mp=\dimen110
\Gm@layoutwidth=\dimen111
\Gm@layoutheight=\dimen112
\Gm@layouthoffset=\dimen113
\Gm@layoutvoffset=\dimen114
\Gm@dimlist=\toks20
)
(/usr/local/texlive/2015/texmf-dist/tex/latex/framed/framed.sty
Package: framed 2011/10/22 v 0.96: framed or shaded text with page breaks
\OuterFrameSep=\skip44
\fb@frw=\dimen115
\fb@frh=\dimen116
\FrameRule=\dimen117
\FrameSep=\dimen118
)
(/usr/local/texlive/2015/texmf-dist/tex/latex/fancyhdr/fancyhdr.sty
\fancy@headwidth=\skip45
\f@ncyO@elh=\skip46
\f@ncyO@erh=\skip47
\f@ncyO@olh=\skip48
\f@ncyO@orh=\skip49
\f@ncyO@elf=\skip50
\f@ncyO@erf=\skip51
\f@ncyO@olf=\skip52
\f@ncyO@orf=\skip53
)
(/usr/local/texlive/2015/texmf-dist/tex/latex/fancybox/fancybox.sty
Package: fancybox 2010/05/15 1.4

Style option: `fancybox' v1.4 <2010/05/15> (tvz)
\@fancybox=\box27
\shadowsize=\dimen119
\@Sbox=\box28
\do@VerbBox=\toks21
\the@fancyput=\toks22
\this@fancyput=\toks23
\EndVerbatimTokens=\toks24
\Verbatim@Outfile=\write3
\Verbatim@Infile=\read1
) (/usr/local/texlive/2015/texmf-dist/tex/latex/tools/multicol.sty
Package: multicol 2015/03/31 v1.8m multicolumn formatting (FMi)
\c@tracingmulticols=\count101
\mult@box=\box29
\multicol@leftmargin=\dimen120
\c@unbalance=\count102
\c@collectmore=\count103
\doublecol@number=\count104
\multicoltolerance=\count105
\multicolpretolerance=\count106
\full@width=\dimen121
\page@free=\dimen122
\premulticols=\dimen123
\postmulticols=\dimen124
\multicolsep=\skip54
\multicolbaselineskip=\skip55
\partial@page=\box30
\last@line=\box31
\maxbalancingoverflow=\dimen125
\mult@rightbox=\box32
\mult@grightbox=\box33
\mult@gfirstbox=\box34
\mult@firstbox=\box35
\@tempa=\box36
\@tempa=\box37
\@tempa=\box38
\@tempa=\box39
\@tempa=\box40
\@tempa=\box41
\@tempa=\box42
\@tempa=\box43
\@tempa=\box44
\@tempa=\box45
\@tempa=\box46
\@tempa=\box47
\@tempa=\box48
\@tempa=\box49
\@tempa=\box50
\@tempa=\box51
\@tempa=\box52
\c@columnbadness=\count107
\c@finalcolumnbadness=\count108
\last@try=\dimen126
\multicolovershoot=\dimen127
\multicolundershoot=\dimen128
\mult@nat@firstbox=\box53
\colbreak@box=\box54
\mc@col@check@num=\count109
)
(/usr/local/texlive/2015/texmf-dist/tex/latex/xcolor/xcolor.sty
Package: xcolor 2007/01/21 v2.11 LaTeX color extensions (UK)

(/usr/local/texlive/2015/texmf-dist/tex/latex/latexconfig/color.cfg
File: color.cfg 2007/01/18 v1.5 color configuration of teTeX/TeXLive
)
Package xcolor Info: Package option `usenames' ignored on input line 216.
Package xcolor Info: Driver file: dvips.def on input line 225.

(/usr/local/texlive/2015/texmf-dist/tex/latex/graphics/dvips.def
File: dvips.def 2014/10/14 v3.0j Driver-dependent file (DPC,SPQR)
)
(/usr/local/texlive/2015/texmf-dist/tex/latex/colortbl/colortbl.sty
Package: colortbl 2012/02/13 v1.0a Color table columns (DPC)

(/usr/local/texlive/2015/texmf-dist/tex/latex/tools/array.sty
Package: array 2014/10/28 v2.4c Tabular extension package (FMi)
\col@sep=\dimen129
\extrarowheight=\dimen130
\NC@list=\toks25
\extratabsurround=\skip56
\backup@length=\skip57
)
\everycr=\toks26
\minrowclearance=\skip58
)
\rownum=\count110
Package xcolor Info: Model `cmy' substituted by `cmy0' on input line 1337.
Package xcolor Info: Model `RGB' extended on input line 1353.
Package xcolor Info: Model `HTML' substituted by `rgb' on input line 1355.
Package xcolor Info: Model `Hsb' substituted by `hsb' on input line 1356.
Package xcolor Info: Model `tHsb' substituted by `hsb' on input line 1357.
Package xcolor Info: Model `HSB' substituted by `hsb' on input line 1358.
Package xcolor Info: Model `Gray' substituted by `gray' on input line 1359.
Package xcolor Info: Model `wave' substituted by `hsb' on input line 1360.

(/usr/local/texlive/2015/texmf-dist/tex/latex/graphics/dvipsnam.def
File: dvipsnam.def 2014/10/14 v3.0j Driver-dependent file (DPC,SPQR)
))
(/usr/local/texlive/2015/texmf-dist/tex/latex/graphics/epsfig.sty
Package: epsfig 1999/02/16 v1.7a (e)psfig emulation (SPQR)

(/usr/local/texlive/2015/texmf-dist/tex/latex/graphics/graphicx.sty
Package: graphicx 2014/10/28 v1.0g Enhanced LaTeX Graphics (DPC,SPQR)

(/usr/local/texlive/2015/texmf-dist/tex/latex/graphics/graphics.sty
Package: graphics 2014/10/28 v1.0p Standard LaTeX Graphics (DPC,SPQR)

(/usr/local/texlive/2015/texmf-dist/tex/latex/graphics/trig.sty
Package: trig 1999/03/16 v1.09 sin cos tan (DPC)
)
(/usr/local/texlive/2015/texmf-dist/tex/latex/latexconfig/graphics.cfg
File: graphics.cfg 2010/04/23 v1.9 graphics configuration of TeX Live
)
Package graphics Info: Driver file: dvips.def on input line 94.
)
\Gin@req@height=\dimen131
\Gin@req@width=\dimen132
)
\epsfxsize=\dimen133
\epsfysize=\dimen134
)
(/usr/local/texlive/2015/texmf-dist/tex/latex/ntheorem/ntheorem.sty
Style `ntheorem', Version 1.33 <2011/08/15>
Package: ntheorem 2011/08/15 1.33
(/usr/local/texlive/2015/texmf-dist/tex/latex/base/ifthen.sty
Package: ifthen 2014/09/29 v1.1c Standard LaTeX ifthen package (DPC)
)
\theorem@style=\toks27
\theorem@@style=\toks28
\theorembodyfont=\toks29
\theoremnumbering=\toks30
\theorempreskipamount=\skip59
\theorempostskipamount=\skip60
\theoremframepreskipamount=\skip61
\theoremframepostskipamount=\skip62
\theoreminframepreskipamount=\skip63
\theoreminframepostskipamount=\skip64
\theorem@preskip=\toks31
\theorem@postskip=\toks32
\theorem@framepreskip=\toks33
\theorem@framepostskip=\toks34
\theorem@inframepreskip=\toks35
\theorem@inframepostskip=\toks36
\theoremindent=\dimen135
\theorem@indent=\dimen136
\theoremrightindent=\dimen137
\theorem@rightindent=\dimen138
\theoremheaderfont=\toks37
\theoremseparator=\toks38
\theoremprework=\toks39
\theorempostwork=\toks40
\theoremsymbol=\toks41
\qedsymbol=\toks42
\theoremkeyword=\toks43
\qedsymbol=\toks44
\thm@topsep=\skip65
\thm@topsepadd=\skip66
\shadecolor=\toks45
)
(/usr/local/texlive/2015/texmf-dist/tex/generic/babel/babel.sty
Package: babel 2014/09/25 3.9l The Babel package

(/usr/local/texlive/2015/texmf-dist/tex/generic/babel-french/frenchb.ldf
Language: frenchb 2015/04/10 v3.1e French support from the babel system

(/usr/local/texlive/2015/texmf-dist/tex/generic/babel/babel.def
File: babel.def 2014/09/25 3.9l Babel common definitions
\babel@savecnt=\count111
\U@D=\dimen139
)
\l@acadian = a dialect from \language\l@french 
\l@canadien = a dialect from \language\l@french 
\FBcolonskip=\skip67
\FBthinskip=\skip68
\FB@interchartokenstateORI=\count112
Package babel Info: Making : an active character on input line 371.
Package babel Info: Making ; an active character on input line 372.
Package babel Info: Making ! an active character on input line 373.
Package babel Info: Making ? an active character on input line 374.
\FBguillskip=\skip69
\FBguill@level=\count113
\FB@Mht=\dimen140
\std@mcc=\count114
\dec@mcc=\count115
\listindentFB=\skip70
\labelwidthFB=\skip71
\leftmarginFB=\skip72
\parindentFFN=\dimen141
))
(/usr/local/texlive/2015/texmf-dist/tex/latex/carlisle/scalefnt.sty)
(/usr/local/texlive/2015/texmf-dist/tex/latex/setspace/setspace.sty
Package: setspace 2011/12/19 v6.7a set line spacing
)
(/usr/local/texlive/2015/texmf-dist/tex/latex/soul/soul.sty
Package: soul 2003/11/17 v2.4 letterspacing/underlining (mf)
\SOUL@word=\toks46
\SOUL@lasttoken=\toks47
\SOUL@cmds=\toks48
\SOUL@buffer=\toks49
\SOUL@token=\toks50
\SOUL@spaceskip=\skip73
\SOUL@ttwidth=\dimen142
\SOUL@uldp=\dimen143
\SOUL@ulht=\dimen144
)
(/usr/local/texlive/2015/texmf-dist/tex/generic/ulem/ulem.sty
\UL@box=\box55
\UL@hyphenbox=\box56
\UL@skip=\skip74
\UL@hook=\toks51
\UL@height=\dimen145
\UL@pe=\count116
\UL@pixel=\dimen146
\ULC@box=\box57
Package: ulem 2012/05/18
\ULdepth=\dimen147
)
(/usr/local/texlive/2015/texmf-dist/tex/latex/tools/enumerate.sty
Package: enumerate 2014/10/28 v3.00 enumerate extensions (DPC)
\@enLab=\toks52
)
(/usr/local/texlive/2015/texmf-dist/tex/latex/base/textcomp.sty
Package: textcomp 2005/09/27 v1.99g Standard LaTeX package
Package textcomp Info: Sub-encoding information:
(textcomp)               5 = only ISO-Adobe without \textcurrency
(textcomp)               4 = 5 + \texteuro
(textcomp)               3 = 4 + \textohm
(textcomp)               2 = 3 + \textestimated + \textcurrency
(textcomp)               1 = TS1 - \textcircled - \t
(textcomp)               0 = TS1 (full)
(textcomp)             Font families with sub-encoding setting implement
(textcomp)             only a restricted character set as indicated.
(textcomp)             Family '?' is the default used for unknown fonts.
(textcomp)             See the documentation for details.
Package textcomp Info: Setting ? sub-encoding to TS1/1 on input line 79.

(/usr/local/texlive/2015/texmf-dist/tex/latex/base/ts1enc.def
File: ts1enc.def 2001/06/05 v3.0e (jk/car/fm) Standard LaTeX file
)
LaTeX Info: Redefining \oldstylenums on input line 334.
Package textcomp Info: Setting cmr sub-encoding to TS1/0 on input line 349.
Package textcomp Info: Setting cmss sub-encoding to TS1/0 on input line 350.
Package textcomp Info: Setting cmtt sub-encoding to TS1/0 on input line 351.
Package textcomp Info: Setting cmvtt sub-encoding to TS1/0 on input line 352.
Package textcomp Info: Setting cmbr sub-encoding to TS1/0 on input line 353.
Package textcomp Info: Setting cmtl sub-encoding to TS1/0 on input line 354.
Package textcomp Info: Setting ccr sub-encoding to TS1/0 on input line 355.
Package textcomp Info: Setting ptm sub-encoding to TS1/4 on input line 356.
Package textcomp Info: Setting pcr sub-encoding to TS1/4 on input line 357.
Package textcomp Info: Setting phv sub-encoding to TS1/4 on input line 358.
Package textcomp Info: Setting ppl sub-encoding to TS1/3 on input line 359.
Package textcomp Info: Setting pag sub-encoding to TS1/4 on input line 360.
Package textcomp Info: Setting pbk sub-encoding to TS1/4 on input line 361.
Package textcomp Info: Setting pnc sub-encoding to TS1/4 on input line 362.
Package textcomp Info: Setting pzc sub-encoding to TS1/4 on input line 363.
Package textcomp Info: Setting bch sub-encoding to TS1/4 on input line 364.
Package textcomp Info: Setting put sub-encoding to TS1/5 on input line 365.
Package textcomp Info: Setting uag sub-encoding to TS1/5 on input line 366.
Package textcomp Info: Setting ugq sub-encoding to TS1/5 on input line 367.
Package textcomp Info: Setting ul8 sub-encoding to TS1/4 on input line 368.
Package textcomp Info: Setting ul9 sub-encoding to TS1/4 on input line 369.
Package textcomp Info: Setting augie sub-encoding to TS1/5 on input line 370.
Package textcomp Info: Setting dayrom sub-encoding to TS1/3 on input line 371.
Package textcomp Info: Setting dayroms sub-encoding to TS1/3 on input line 372.

Package textcomp Info: Setting pxr sub-encoding to TS1/0 on input line 373.
Package textcomp Info: Setting pxss sub-encoding to TS1/0 on input line 374.
Package textcomp Info: Setting pxtt sub-encoding to TS1/0 on input line 375.
Package textcomp Info: Setting txr sub-encoding to TS1/0 on input line 376.
Package textcomp Info: Setting txss sub-encoding to TS1/0 on input line 377.
Package textcomp Info: Setting txtt sub-encoding to TS1/0 on input line 378.
Package textcomp Info: Setting lmr sub-encoding to TS1/0 on input line 379.
Package textcomp Info: Setting lmdh sub-encoding to TS1/0 on input line 380.
Package textcomp Info: Setting lmss sub-encoding to TS1/0 on input line 381.
Package textcomp Info: Setting lmssq sub-encoding to TS1/0 on input line 382.
Package textcomp Info: Setting lmvtt sub-encoding to TS1/0 on input line 383.
Package textcomp Info: Setting lmtt sub-encoding to TS1/0 on input line 384.
Package textcomp Info: Setting qhv sub-encoding to TS1/0 on input line 385.
Package textcomp Info: Setting qag sub-encoding to TS1/0 on input line 386.
Package textcomp Info: Setting qbk sub-encoding to TS1/0 on input line 387.
Package textcomp Info: Setting qcr sub-encoding to TS1/0 on input line 388.
Package textcomp Info: Setting qcs sub-encoding to TS1/0 on input line 389.
Package textcomp Info: Setting qpl sub-encoding to TS1/0 on input line 390.
Package textcomp Info: Setting qtm sub-encoding to TS1/0 on input line 391.
Package textcomp Info: Setting qzc sub-encoding to TS1/0 on input line 392.
Package textcomp Info: Setting qhvc sub-encoding to TS1/0 on input line 393.
Package textcomp Info: Setting futs sub-encoding to TS1/4 on input line 394.
Package textcomp Info: Setting futx sub-encoding to TS1/4 on input line 395.
Package textcomp Info: Setting futj sub-encoding to TS1/4 on input line 396.
Package textcomp Info: Setting hlh sub-encoding to TS1/3 on input line 397.
Package textcomp Info: Setting hls sub-encoding to TS1/3 on input line 398.
Package textcomp Info: Setting hlst sub-encoding to TS1/3 on input line 399.
Package textcomp Info: Setting hlct sub-encoding to TS1/5 on input line 400.
Package textcomp Info: Setting hlx sub-encoding to TS1/5 on input line 401.
Package textcomp Info: Setting hlce sub-encoding to TS1/5 on input line 402.
Package textcomp Info: Setting hlcn sub-encoding to TS1/5 on input line 403.
Package textcomp Info: Setting hlcw sub-encoding to TS1/5 on input line 404.
Package textcomp Info: Setting hlcf sub-encoding to TS1/5 on input line 405.
Package textcomp Info: Setting pplx sub-encoding to TS1/3 on input line 406.
Package textcomp Info: Setting pplj sub-encoding to TS1/3 on input line 407.
Package textcomp Info: Setting ptmx sub-encoding to TS1/4 on input line 408.
Package textcomp Info: Setting ptmj sub-encoding to TS1/4 on input line 409.
)
(/usr/local/texlive/2015/texmf-dist/tex/latex/siunitx/siunitx.sty
(/usr/local/texlive/2015/texmf-dist/tex/latex/l3kernel/expl3.sty
Package: expl3 2015/03/01 v5547 L3 programming layer (loader) 

(/usr/local/texlive/2015/texmf-dist/tex/latex/l3kernel/expl3-code.tex
Package: expl3 2015/03/01 v5547 L3 programming layer (code) 
L3 Module: l3bootstrap 2015/02/28 v5542 L3 Bootstrap code
L3 Module: l3names 2015/02/24 v5535 L3 Namespace for primitives
L3 Module: l3basics 2015/01/27 v5500 L3 Basic definitions
L3 Module: l3expan 2014/11/27 v5472 L3 Argument expansion
L3 Module: l3tl 2015/01/27 v5500 L3 Token lists
L3 Module: l3str 2015/03/01 v5545 L3 Strings
L3 Module: l3seq 2014/08/23 v5354 L3 Sequences and stacks
L3 Module: l3int 2015/02/21 v5529 L3 Integers
\c_max_int=\count117
\l_tmpa_int=\count118
\l_tmpb_int=\count119
\g_tmpa_int=\count120
\g_tmpb_int=\count121
L3 Module: l3quark 2014/08/23 v5354 L3 Quarks
L3 Module: l3prg 2014/08/23 v5354 L3 Control structures
\g__prg_map_int=\count122
L3 Module: l3clist 2014/08/23 v5354 L3 Comma separated lists
L3 Module: l3token 2014/09/15 v5422 L3 Experimental token manipulation
L3 Module: l3prop 2014/08/23 v5354 L3 Property lists
L3 Module: l3msg 2015/02/26 v5537 L3 Messages
L3 Module: l3file 2014/08/24 v5369 L3 File and I/O operations
\l_iow_line_count_int=\count123
\l__iow_target_count_int=\count124
\l__iow_current_line_int=\count125
\l__iow_current_word_int=\count126
\l__iow_current_indentation_int=\count127
L3 Module: l3skip 2014/08/23 v5354 L3 Dimensions and skips
\c_zero_dim=\dimen148
\c_max_dim=\dimen149
\l_tmpa_dim=\dimen150
\l_tmpb_dim=\dimen151
\g_tmpa_dim=\dimen152
\g_tmpb_dim=\dimen153
\c_zero_skip=\skip75
\c_max_skip=\skip76
\l_tmpa_skip=\skip77
\l_tmpb_skip=\skip78
\g_tmpa_skip=\skip79
\g_tmpb_skip=\skip80
\c_zero_muskip=\muskip11
\c_max_muskip=\muskip12
\l_tmpa_muskip=\muskip13
\l_tmpb_muskip=\muskip14
\g_tmpa_muskip=\muskip15
\g_tmpb_muskip=\muskip16
L3 Module: l3keys 2015/01/27 v5500 L3 Key-value interfaces
\g__keyval_level_int=\count128
\l_keys_choice_int=\count129
L3 Module: l3fp 2014/08/22 v5336 L3 Floating points
\c__fp_leading_shift_int=\count130
\c__fp_middle_shift_int=\count131
\c__fp_trailing_shift_int=\count132
\c__fp_big_leading_shift_int=\count133
\c__fp_big_middle_shift_int=\count134
\c__fp_big_trailing_shift_int=\count135
\c__fp_Bigg_leading_shift_int=\count136
\c__fp_Bigg_middle_shift_int=\count137
\c__fp_Bigg_trailing_shift_int=\count138
L3 Module: l3box 2014/08/23 v5354 L3 Experimental boxes
\c_empty_box=\box58
\l_tmpa_box=\box59
\l_tmpb_box=\box60
\g_tmpa_box=\box61
\g_tmpb_box=\box62
L3 Module: l3coffins 2014/08/23 v5354 L3 Coffin code layer
\l__coffin_internal_box=\box63
\l__coffin_internal_dim=\dimen154
\l__coffin_offset_x_dim=\dimen155
\l__coffin_offset_y_dim=\dimen156
\l__coffin_x_dim=\dimen157
\l__coffin_y_dim=\dimen158
\l__coffin_x_prime_dim=\dimen159
\l__coffin_y_prime_dim=\dimen160
\c_empty_coffin=\box64
\l__coffin_aligned_coffin=\box65
\l__coffin_aligned_internal_coffin=\box66
\l_tmpa_coffin=\box67
\l_tmpb_coffin=\box68
\l__coffin_display_coffin=\box69
\l__coffin_display_coord_coffin=\box70
\l__coffin_display_pole_coffin=\box71
\l__coffin_display_offset_dim=\dimen161
\l__coffin_display_x_dim=\dimen162
\l__coffin_display_y_dim=\dimen163
L3 Module: l3color 2014/08/23 v5354 L3 Experimental color support
L3 Module: l3candidates 2015/03/01 v5544 L3 Experimental additions to l3kernel
\l__box_top_dim=\dimen164
\l__box_bottom_dim=\dimen165
\l__box_left_dim=\dimen166
\l__box_right_dim=\dimen167
\l__box_top_new_dim=\dimen168
\l__box_bottom_new_dim=\dimen169
\l__box_left_new_dim=\dimen170
\l__box_right_new_dim=\dimen171
\l__box_internal_box=\box72
\l__coffin_bounding_shift_dim=\dimen172
\l__coffin_left_corner_dim=\dimen173
\l__coffin_right_corner_dim=\dimen174
\l__coffin_bottom_corner_dim=\dimen175
\l__coffin_top_corner_dim=\dimen176
\l__coffin_scaled_total_height_dim=\dimen177
\l__coffin_scaled_width_dim=\dimen178
)
(/usr/local/texlive/2015/texmf-dist/tex/latex/l3kernel/l3unicode-data.def
File: l3unicode-data.def 2015/03/01 v5544 L3 Unicode data
)
(/usr/local/texlive/2015/texmf-dist/tex/latex/l3kernel/l3dvips.def
File: l3dvips.def 2015/03/01 v5544 L3 Experimental driver: dvips
))
(/usr/local/texlive/2015/texmf-dist/tex/latex/l3packages/xparse/xparse.sty
Package: xparse 2014/11/25 v5471 L3 Experimental document command parser
\l__xparse_current_arg_int=\count139
\l__xparse_m_args_int=\count140
\l__xparse_mandatory_args_int=\count141
\l__xparse_processor_int=\count142
\l__xparse_v_nesting_int=\count143
)
Package: siunitx 2015/01/21 v2.6e A comprehensive (SI) units package

(/usr/local/texlive/2015/texmf-dist/tex/latex/amsmath/amstext.sty
Package: amstext 2000/06/29 v2.01

(/usr/local/texlive/2015/texmf-dist/tex/latex/amsmath/amsgen.sty
File: amsgen.sty 1999/11/30 v2.0
\@emptytoks=\toks53
\ex@=\dimen179
))
(/usr/local/texlive/2015/texmf-dist/tex/latex/l3packages/l3keys2e/l3keys2e.sty
Package: l3keys2e 2014/11/25 v5471 LaTeX2e option processing using LaTeX3 keys
)
Variant \tl_if_blank:VTF already defined; not changing it on line 50
\l__siunitx_tmp_box=\box73
\l__siunitx_tmp_dim=\dimen180
\l__siunitx_tmp_int=\count144
Variant \prop_get:NVNT already defined; not changing it on line 380
Variant \prop_get:NVNF already defined; not changing it on line 381
Variant \prop_get:NVNTF already defined; not changing it on line 382
\l__siunitx_number_mantissa_length_int=\count145
\l__siunitx_number_uncert_length_int=\count146
\l__siunitx_round_int=\count147
\l__siunitx_process_decimal_int=\count148
\l__siunitx_process_uncertainty_int=\count149
\l__siunitx_process_fixed_int=\count150
\l__siunitx_process_integer_min_int=\count151
\l__siunitx_process_precision_int=\count152
\l__siunitx_group_min_int=\count153
\l__siunitx_angle_marker_box=\box74
\l__siunitx_angle_unit_box=\box75
\l__siunitx_angle_marker_dim=\dimen181
\l__siunitx_angle_unit_dim=\dimen182
\l__siunitx_unit_int=\count154
\l__siunitx_unit_denominator_int=\count155
\l__siunitx_unit_numerator_int=\count156
\l__siunitx_unit_prefix_int=\count157
\l__siunitx_unit_prefix_base_int=\count158
\l__siunitx_unit_prefix_gram_int=\count159
\l__siunitx_number_product_int=\count160
\c__siunitx_one_fill_skip=\skip81
\l__siunitx_table_unit_align_skip=\skip82
\l__siunitx_table_exponent_dim=\dimen183
\l__siunitx_table_integer_dim=\dimen184
\l__siunitx_table_mantissa_dim=\dimen185
\l__siunitx_table_marker_dim=\dimen186
\l__siunitx_table_result_dim=\dimen187
\l__siunitx_table_uncert_dim=\dimen188
\l__siunitx_table_fill_pre_dim=\dimen189
\l__siunitx_table_fill_post_dim=\dimen190
\l__siunitx_table_fill_mid_dim=\dimen191
\l__siunitx_table_pre_box=\box76
\l__siunitx_table_post_box=\box77
\l__siunitx_table_mantissa_box=\box78
\l__siunitx_table_result_box=\box79
\l__siunitx_table_number_align_skip=\skip83
\l__siunitx_table_text_align_skip=\skip84
.................................................
. LaTeX info: "xparse/define-command"
. 
. Defining command \DeclareBinaryPrefix with sig. 'mmm' on line 7176.
.................................................
.................................................
. LaTeX info: "xparse/define-command"
. 
. Defining command \DeclareSIPostPower with sig. 'mm' on line 7179.
.................................................
.................................................
. LaTeX info: "xparse/define-command"
. 
. Defining command \DeclareSIPrefix with sig. 'mmm' on line 7182.
.................................................
.................................................
. LaTeX info: "xparse/define-command"
. 
. Defining command \DeclareSIPrePower with sig. 'mm' on line 7185.
.................................................
.................................................
. LaTeX info: "xparse/define-command"
. 
. Defining command \DeclareSIQualifier with sig. 'mm' on line 7188.
.................................................
.................................................
. LaTeX info: "xparse/define-command"
. 
. Defining command \DeclareSIUnit with sig. 'O{}mm' on line 7191.
.................................................
.................................................
. LaTeX info: "xparse/define-command"
. 
. Defining command \DeclareSIUnitWithOptions with sig. 'mmm' on line 7194.
.................................................
.................................................
. LaTeX info: "xparse/define-command"
. 
. Defining command \ang with sig. 'o>{\SplitArgument {2}{;}}m' on line 7209.
.................................................
.................................................
. LaTeX info: "xparse/define-command"
. 
. Defining command \num with sig. 'om' on line 7217.
.................................................
.................................................
. LaTeX info: "xparse/define-command"
. 
. Defining command \numlist with sig. 'o>{\SplitList {;}}m' on line 7225.
.................................................
.................................................
. LaTeX info: "xparse/define-command"
. 
. Defining command \numrange with sig. 'omm' on line 7233.
.................................................
.................................................
. LaTeX info: "xparse/define-command"
. 
. Defining command \SIlist with sig. 'o>{\SplitList {;}}mm' on line 7244.
.................................................
.................................................
. LaTeX info: "xparse/define-command"
. 
. Defining command \SIrange with sig. 'ommm' on line 7255.
.................................................
.................................................
. LaTeX info: "xparse/define-command"
. 
. Defining command \SI with sig. 'omom' on line 7266.
.................................................
.................................................
. LaTeX info: "xparse/define-command"
. 
. Defining command \sisetup with sig. 'm' on line 7269.
.................................................
.................................................
. LaTeX info: "xparse/define-command"
. 
. Defining command \tablenum with sig. 'om' on line 7281.
.................................................
.................................................
. LaTeX info: "xparse/define-command"
. 
. Defining command \si with sig. 'om' on line 7292.
.................................................
.................................................
. LaTeX info: "xparse/define-command"
. 
. Defining command \__siunitx_bookmark_num:w with sig. 'om' on line 7339.
.................................................
.................................................
. LaTeX info: "xparse/define-command"
. 
. Defining command \__siunitx_bookmark_numrange:w with sig. 'omm' on line
. 7341.
.................................................
.................................................
. LaTeX info: "xparse/define-command"
. 
. Defining command \__siunitx_bookmark_SI:w with sig. 'omom' on line 7343.
.................................................
.................................................
. LaTeX info: "xparse/define-command"
. 
. Defining command \__siunitx_bookmark_SIlist:w with sig. 'omm' on line 7345.
.................................................
.................................................
. LaTeX info: "xparse/define-command"
. 
. Defining command \__siunitx_bookmark_SIrange:w with sig. 'ommm' on line
. 7347.
.................................................
.................................................
. LaTeX info: "xparse/define-command"
. 
. Defining command \__siunitx_bookmark_si:w with sig. 'om' on line 7348.
.................................................
\g__file_internal_ior=\read2
(/usr/local/texlive/2015/texmf-dist/tex/latex/beamer/translator/translator.sty
Package: translator 2010/06/12 ver 1.10

(/usr/local/texlive/2015/texmf-dist/tex/latex/beamer/translator/translator-lang
uage-mappings.tex)))
(/usr/local/texlive/2015/texmf-dist/tex/latex/psnfss/pifont.sty
Package: pifont 2005/04/12 PSNFSS-v9.2a Pi font support (SPQR) 
LaTeX Font Info:    Try loading font information for U+pzd on input line 63.

(/usr/local/texlive/2015/texmf-dist/tex/latex/psnfss/upzd.fd
File: upzd.fd 2001/06/04 font definitions for U/pzd.
)
LaTeX Font Info:    Try loading font information for U+psy on input line 64.

(/usr/local/texlive/2015/texmf-dist/tex/latex/psnfss/upsy.fd
File: upsy.fd 2001/06/04 font definitions for U/psy.
))
(/usr/local/texlive/2015/texmf-dist/tex/latex/dingbat/dingbat.sty
Package: dingbat 2001/04/27 v1.00 Hands and other dingbats
)
(/usr/local/texlive/2015/texmf-dist/tex/latex/pstricks/pstricks.sty
Package: pstricks 2013/12/12 v0.60 LaTeX wrapper for `PSTricks' (RN,HV)

(/usr/local/texlive/2015/texmf-dist/tex/generic/pstricks/pstricks.tex
(/usr/local/texlive/2015/texmf-dist/tex/generic/xkeyval/pst-xkey.tex
File: pst-xkey.tex 2005/11/25 v1.6 PSTricks specialization of xkeyval (HA)

(/usr/local/texlive/2015/texmf-dist/tex/latex/xkeyval/xkeyval.sty
Package: xkeyval 2014/12/03 v2.7a package option processing (HA)

(/usr/local/texlive/2015/texmf-dist/tex/generic/xkeyval/xkeyval.tex
(/usr/local/texlive/2015/texmf-dist/tex/generic/xkeyval/xkvutils.tex
\XKV@toks=\toks54
\XKV@tempa@toks=\toks55
)
\XKV@depth=\count161
File: xkeyval.tex 2014/12/03 v2.7a key=value parser (HA)
)))
(/usr/local/texlive/2015/texmf-dist/tex/generic/pstricks/pst-fp.tex
`pst-fp' v0.05, 2010/01/17 (hv)
\pstFP@xs=\count162
\pstFP@xia=\count163
\pstFP@xib=\count164
\pstFP@xfa=\count165
\pstFP@xfb=\count166
\pstFP@rega=\count167
\pstFP@regb=\count168
\pstFP@regs=\count169
\pstFP@times=\count170
)
(/Users/marierenard/Library/texmf/tex/generic/pgf/tex/generic/utilities/pgfutil
-common.tex
\pgfutil@everybye=\toks56
\pgfutil@tempdima=\dimen192
\pgfutil@tempdimb=\dimen193

(/Users/marierenard/Library/texmf/tex/generic/pgf/tex/generic/utilities/pgfutil
-common-lists.tex))
(/Users/marierenard/Library/texmf/tex/generic/pgf/tex/generic/utilities/pgfkeys
.code.tex
\pgfkeys@pathtoks=\toks57
\pgfkeys@temptoks=\toks58

(/Users/marierenard/Library/texmf/tex/generic/pgf/tex/generic/utilities/pgfkeys
filtered.code.tex
\pgfkeys@tmptoks=\toks59
))
(/Users/marierenard/Library/texmf/tex/generic/pgf/tex/generic/utilities/pgffor.
code.tex
(/Users/marierenard/Library/texmf/tex/generic/pgf/tex/generic/math/pgfmath.code
.tex
(/Users/marierenard/Library/texmf/tex/generic/pgf/tex/generic/math/pgfmathcalc.
code.tex
(/Users/marierenard/Library/texmf/tex/generic/pgf/tex/generic/math/pgfmathutil.
code.tex
\pgf@x=\dimen194
\pgf@xa=\dimen195
\pgf@xb=\dimen196
\pgf@xc=\dimen197
\pgf@y=\dimen198
\pgf@ya=\dimen199
\pgf@yb=\dimen200
\pgf@yc=\dimen201
\c@pgf@counta=\count171
\c@pgf@countb=\count172
\c@pgf@countc=\count173
\c@pgf@countd=\count174
\pgfutil@tempcnta=\count175
\pgfutil@tempcntb=\count176
)
(/Users/marierenard/Library/texmf/tex/generic/pgf/tex/generic/math/pgfmathparse
r.code.tex
\pgfmath@dimen=\dimen202
\pgfmath@count=\count177
\pgfmath@box=\box80
\pgfmath@toks=\toks60
\pgfmath@stack@operand=\toks61
\pgfmath@stack@operation=\toks62
)
(/Users/marierenard/Library/texmf/tex/generic/pgf/tex/generic/math/pgfmathfunct
ions.code.tex
(/Users/marierenard/Library/texmf/tex/generic/pgf/tex/generic/math/pgfmathfunct
ions.basic.code.tex)
(/Users/marierenard/Library/texmf/tex/generic/pgf/tex/generic/math/pgfmathfunct
ions.trigonometric.code.tex)
(/Users/marierenard/Library/texmf/tex/generic/pgf/tex/generic/math/pgfmathfunct
ions.random.code.tex)
(/Users/marierenard/Library/texmf/tex/generic/pgf/tex/generic/math/pgfmathfunct
ions.comparison.code.tex)
(/Users/marierenard/Library/texmf/tex/generic/pgf/tex/generic/math/pgfmathfunct
ions.base.code.tex)
(/Users/marierenard/Library/texmf/tex/generic/pgf/tex/generic/math/pgfmathfunct
ions.round.code.tex)
(/Users/marierenard/Library/texmf/tex/generic/pgf/tex/generic/math/pgfmathfunct
ions.misc.code.tex)
(/Users/marierenard/Library/texmf/tex/generic/pgf/tex/generic/math/pgfmathfunct
ions.integerarithmetics.code.tex)))
(/Users/marierenard/Library/texmf/tex/generic/pgf/tex/generic/math/pgfmathfloat
.code.tex
\c@pgfmathroundto@lastzeros=\count178
))
\pgffor@iter=\dimen203
\pgffor@skip=\dimen204
\pgffor@stack=\toks63
\pgffor@toks=\toks64
)
\psLoopIndex=\count179

`PSTricks' v2.60  <2014/10/25> (tvz)
\pst@dima=\dimen205
\pst@dimb=\dimen206
\pst@dimc=\dimen207
\pst@dimd=\dimen208
\pst@dimg=\dimen209
\pst@dimh=\dimen210
\pst@dimm=\dimen211
\pst@dimn=\dimen212
\pst@dimo=\dimen213
\pst@dimp=\dimen214
\pst@hbox=\box81
\pst@ibox=\box82
\pst@boxg=\box83
\pst@cnta=\count180
\pst@cntb=\count181
\pst@cntc=\count182
\pst@cntd=\count183
\pst@cntg=\count184
\pst@cnth=\count185
\pst@cntm=\count186
\pst@cntn=\count187
\pst@cnto=\count188
\pst@cntp=\count189
\@zero=\count190
\pst@toks=\toks65
(/usr/local/texlive/2015/texmf-dist/tex/generic/pstricks/pstricks.con)
\psunit=\dimen215
\psxunit=\dimen216
\psyunit=\dimen217
\pst@C@@rType=\count191
\pslinewidth=\dimen218
\psk@startLW=\dimen219
\psk@endLW=\dimen220
\pst@customdefs=\toks66
\pslinearc=\dimen221
\pst@symbolStep=\dimen222
\pst@symbolWidth=\dimen223
\pst@symbolLinewidth=\dimen224
\everypsbox=\toks67
\psframesep=\dimen225
\pslabelsep=\dimen226
\sh@wgridXunit=\dimen227
\sh@wgridYunit=\dimen228
\pst@shift=\dimen229
)
File: pstricks.tex 2014/10/25 v2.60 `PSTricks' (tvz,hv)

(/usr/local/texlive/2015/texmf-dist/tex/generic/pstricks/pst-fp.tex)
File: pst-fp.tex 2014/10/25 v2.60 `PST-fp' (hv)
)
(/usr/local/texlive/2015/texmf-dist/tex/latex/pst-plot/pst-plot.sty
Package: pst-plot 2011/06/05 v1.00 LaTeX wrapper for `pst-plot' (HV)

(/usr/local/texlive/2015/texmf-dist/tex/latex/xkeyval/pst-xkey.sty
Package: pst-xkey 2005/11/25 v1.6 package wrapper for pst-xkey.tex (HA)
)
(/usr/local/texlive/2015/texmf-dist/tex/latex/multido/multido.sty
Package: multido 2004/05/17 package wrapper for PSTricks `multido.tex', (HV/RN)


(/usr/local/texlive/2015/texmf-dist/tex/generic/multido/multido.tex
 v1.42, 2010/05/14 <tvz>
\multido@count=\count192
\multidocount=\count193
\multido@stuff=\toks68
)
File: multido.tex 2010/05/14 v1.42 `multido' (tvz,hv)
)
Package: pst-plot 2011/04/13 package wrapper for pst-plot.tex (hv)

(/Users/marierenard/Library/texmf/tex/generic/pst-plot/tex/pst-plot.tex
 v1.49, 2013/08/17 (tvz,hv)
\pstRadUnit=\dimen230
\pstRadUnitInv=\dimen231
\pst@linecnt=\count194
\RCD@file=\read3
\psxlabelsep=\dimen232
\psylabelsep=\dimen233
\psk@subticksize=\dimen256
\pst@xticksizeA=\dimen257
\pst@xticksizeB=\dimen258
\pst@xticksizeC=\dimen259
\pst@yticksizeA=\dimen260
\pst@yticksizeB=\dimen261
\pst@yticksizeC=\dimen262
\@digitcounter=\count195
\psk@llx=\dimen263
\psk@lly=\dimen264
\psk@urx=\dimen265
\psk@ury=\dimen266
\pst@xunit=\dimen267
\pst@yunit=\dimen268
)
File: pst-plot.tex 2013/08/17 1.49 `pst-plot' (tvz,hv)
)
(/usr/local/texlive/2015/texmf-dist/tex/latex/pst-text/pst-text.sty
Package: pst-text 2006/01/01 package wrapper for pst-text.tex (hv)

(/Users/marierenard/Library/texmf/tex/generic/pst-text/pst-text.tex
 v1.00, 2006/11/05(tvz,hv))
File: pst-text.tex 2006/11/05 1.00 `pst-text' (tvz)
)
(/usr/local/texlive/2015/texmf-dist/tex/latex/pstricks-add/pstricks-add.sty
(/usr/local/texlive/2015/texmf-dist/tex/latex/pst-node/pst-node.sty
Package: pst-node 2012/09/18 v1.01 LaTeX wrapper for `pst-node' (HV)
Package: pst-node 2010/04/22 package wrapper for pst-node.tex

(/usr/local/texlive/2015/texmf-dist/tex/generic/pst-node/pst-node.tex
 v1.35, 2014/08/04
\psrow=\count196
\pscol=\count197
\psmatrixcnt=\count198
\psrowsep=\skip85
\pscolsep=\skip86
\pst@args=\count199
\num@pts=\count200
\pst@argcnt=\count201
)
File: pst-node.tex 2014/08/04 1.35 `pst-node' (tvz,hv)
)
(/usr/local/texlive/2015/texmf-dist/tex/latex/pst-3d/pst-3d.sty
Package: pst-3d 2009/07/28 package wrapper for pst-3d.tex (hv)

(/usr/local/texlive/2015/texmf-dist/tex/generic/pst-3d/pst-3d.tex
`PST-3d' v1.11, 2010/02/14 (tvz))
File: pst-3d.tex 2010/02/14 v1.11 `PST-3d' (hv)
)
(/usr/local/texlive/2015/texmf-dist/tex/latex/pst-math/pst-math.sty
Package: pst-math 2014/07/30 package wrapper for PSTricks pst-math.tex

(/usr/local/texlive/2015/texmf-dist/tex/generic/pst-math/pst-math.tex
`pst-math' v0.63 , (CJ,hv))
File: pst-math.tex 2014/07/30 v0.63 `PST-math' (hv)
)
Package: pstricks-add 2010/02/11 v. 0.14 package wrapper for pstricks-add.tex (
hv)

(/Users/marierenard/Library/texmf/tex/generic/pstricks-add/pstricks-add.tex
`pstricks-add' v3.60, 2013/01/01 (dr,hv)
\psparallelogramsep=\dimen269
\pshooklength=\dimen270
\pshookwidth=\dimen271
\pst@cntC=\count202
\chart@ColorIndex=\dimen272
\chart@ColorStep=\dimen273
\pst@chartHeight=\dimen274
\pst@chartStackDepth=\dimen275
\pst@chartStackWidth=\dimen276
\chart@Toggle=\count203
\psVectorCtr=\count204
)
File: pstricks-add.tex 2013/01/01 v3.60 `PSTricks-add' (hv)
File: pstricks-add.pro 2009/12/17 v. 0.23, PostScript prologue file (hv)
Package pstricks-add Info: Local config file pstricks-add.cfg used on input lin
e 20.

(/usr/local/texlive/2015/texmf-dist/tex/latex/pstricks-add/pstricks-add.cfg
File: pstricks-add.cfg 2005/01/10 v0.1 addtional user stuff (hv)
))
(/usr/local/texlive/2015/texmf-dist/tex/latex/pst-eucl/pst-eucl.sty
(/usr/local/texlive/2015/texmf-dist/tex/latex/pst-tools/pst-tools.sty
Package: pst-tools 2012/01/01 package wrapper for pst-tools.tex (hv)

(/usr/local/texlive/2015/texmf-dist/tex/generic/pst-tools/pst-tools.tex
`PST-tools' v0.05, 2014/05/12 (hv))
File: pst-tools.tex 2014/05/12 v0.05 `PST-tools' (hv)
)
Package: pst-eucl 2014/05/17 package wrapper for PSTricks pst-eucl.tex

(/usr/local/texlive/2015/texmf-dist/tex/generic/pst-eucl/pst-eucl.tex
`PST-Euclide v1.51, 2014/05/17 (dr,hv)
 This version uses the pst-xkey package for managing parameters
 Please read the doc, some macros have a new syntax
 use option old for upward compatibility
\psMarkHashLength=\dimen277
\psMarkHashSep=\dimen278
)
File: pst-eucl.tex 2014/05/17 v1.51 `PST-eucl' (dr,hv)
)
(/usr/local/texlive/2015/texmf-dist/tex/latex/pst-tree/pst-tree.sty
Package: pst-tree 2009/01/25 package wrapper for pst-tree.tex

(/usr/local/texlive/2015/texmf-dist/tex/generic/pst-tree/pst-tree.tex
 v1.12, 2011/02/28(tvz,dg,hv)
\pstree@rootbox=\box84
\pstree@box=\box85
\psnodecnt=\count205
\pstreelevel=\count206
\pstreecnt=\count207
\pstree@cnt=\count208
\pstree@stop=\count209
)
File: pst-tree.tex 2011/02/28 1.12 `pst-tree' (tvz,hv)
)
(/usr/local/texlive/2015/texmf-dist/tex/latex/pst-solides3d/pst-solides3d.sty
Package: pst-solides3d 2009/07/25 package wrapper for pst-solides3d

(/Users/marierenard/Library/texmf/tex/generic/pst-solides3d/tex/pst-solides3d.t
ex `PSTSOLIDESIIID' v4.27, 2014/06/07
\test@mode=\count210
)
File: pst-solides3d.tex 2014/06/07 v4.27 `PST-solides3D'
File: pst-solides3d.pro 2014/06/07 v. 4.23, PostScript prologue file
)
(/usr/local/texlive/2015/texmf-dist/tex/latex/caption/caption.sty
Package: caption 2013/05/02 v3.3-89 Customizing captions (AR)

(/usr/local/texlive/2015/texmf-dist/tex/latex/caption/caption3.sty
Package: caption3 2013/05/02 v1.6-88 caption3 kernel (AR)
Package caption3 Info: TeX engine: e-TeX on input line 57.
\captionmargin=\dimen279
\captionmargin@=\dimen280
\captionwidth=\dimen281
\caption@tempdima=\dimen282
\caption@indent=\dimen283
\caption@parindent=\dimen284
\caption@hangindent=\dimen285
)
\c@ContinuedFloat=\count211
Package caption Info: hyperref package is loaded.
)
(/usr/local/texlive/2015/texmf-dist/tex/latex/tools/tabularx.sty
Package: tabularx 2014/10/28 v2.10 `tabularx' package (DPC)
\TX@col@width=\dimen286
\TX@old@table=\dimen287
\TX@old@col=\dimen288
\TX@target=\dimen289
\TX@delta=\dimen290
\TX@cols=\count212
\TX@ftn=\toks69
)
(/usr/local/texlive/2015/texmf-dist/tex/latex/amsmath/amsmath.sty
Package: amsmath 2013/01/14 v2.14 AMS math features
\@mathmargin=\skip87

For additional information on amsmath, use the `?' option.
(/usr/local/texlive/2015/texmf-dist/tex/latex/amsmath/amsbsy.sty
Package: amsbsy 1999/11/29 v1.2d
\pmbraise@=\dimen291
)
(/usr/local/texlive/2015/texmf-dist/tex/latex/amsmath/amsopn.sty
Package: amsopn 1999/12/14 v2.01 operator names
)
\inf@bad=\count213
LaTeX Info: Redefining \frac on input line 210.
\uproot@=\count214
\leftroot@=\count215
LaTeX Info: Redefining \overline on input line 306.
\classnum@=\count216
\DOTSCASE@=\count217
LaTeX Info: Redefining \ldots on input line 378.
LaTeX Info: Redefining \dots on input line 381.
LaTeX Info: Redefining \cdots on input line 466.
\Mathstrutbox@=\box86
\strutbox@=\box87
\big@size=\dimen292
LaTeX Font Info:    Redeclaring font encoding OML on input line 566.
LaTeX Font Info:    Redeclaring font encoding OMS on input line 567.
\macc@depth=\count218
\c@MaxMatrixCols=\count219
\dotsspace@=\muskip17
\c@parentequation=\count220
\dspbrk@lvl=\count221
\tag@help=\toks70
\row@=\count222
\column@=\count223
\maxfields@=\count224
\andhelp@=\toks71
\eqnshift@=\dimen293
\alignsep@=\dimen294
\tagshift@=\dimen295
\tagwidth@=\dimen296
\totwidth@=\dimen297
\lineht@=\dimen298
\@envbody=\toks72
\multlinegap=\skip88
\multlinetaggap=\skip89
\mathdisplay@stack=\toks73
LaTeX Info: Redefining \[ on input line 2665.
LaTeX Info: Redefining \] on input line 2666.
)
(/usr/local/texlive/2015/texmf-dist/tex/latex/tools/bm.sty
Package: bm 2014/10/28 v1.1c Bold Symbol Support (DPC/FMi)
\symboldoperators=\mathgroup4
\symboldletters=\mathgroup5
\symboldsymbols=\mathgroup6
LaTeX Font Info:    Redeclaring math alphabet \mathbf on input line 141.
LaTeX Info: Redefining \bm on input line 207.
)
(/usr/local/texlive/2015/texmf-dist/tex/latex/amsfonts/amssymb.sty
Package: amssymb 2013/01/14 v3.01 AMS font symbols

(/usr/local/texlive/2015/texmf-dist/tex/latex/amsfonts/amsfonts.sty
Package: amsfonts 2013/01/14 v3.01 Basic AMSFonts support
\symAMSa=\mathgroup7
\symAMSb=\mathgroup8
LaTeX Font Info:    Overwriting math alphabet `\mathfrak' in version `bold'
(Font)                  U/euf/m/n --> U/euf/b/n on input line 106.
))
(/usr/local/texlive/2015/texmf-dist/tex/latex/jknapltx/mathrsfs.sty
Package: mathrsfs 1996/01/01 Math RSFS package v1.0 (jk)
\symrsfs=\mathgroup9
)
(/usr/local/texlive/2015/texmf-dist/tex/latex/numprint/numprint.sty
Package: numprint 2012/08/20 v1.39 Print numbers (HH)
\c@nprt@mantissa@digitsbefore=\count225
\c@nprt@mantissa@digitsafter=\count226
\c@nprt@exponent@digitsbefore=\count227
\c@nprt@exponent@digitsafter=\count228
\nprt@digitwidth=\skip90
\nprt@sepwidth=\skip91
\nprt@decimalwidth=\skip92
\nprt@blockwidth=\skip93
\nprt@digittoks=\toks74
\nprt@pretoks=\toks75
\nprt@posttoks=\toks76
\nprt@thisdigit=\count229
\nprt@curpos=\count230
\nprt@rndpos=\count231
\c@nprt@digitsfirstblock=\count232
\c@nprt@blockcnt=\count233
\c@nprt@cntprint=\count266

No configuration file `numprint.cfg' found.)
(/usr/local/texlive/2015/texmf-dist/tex/latex/fourier/fourier.sty
Package: fourier 2005/01/01 1.4 fourier-GUTenberg package

(/usr/local/texlive/2015/texmf-dist/tex/latex/base/fontenc.sty
Package: fontenc 2005/09/27 v1.99g Standard LaTeX package

(/usr/local/texlive/2015/texmf-dist/tex/latex/base/t1enc.def
File: t1enc.def 2005/09/27 v1.99g Standard LaTeX file
LaTeX Font Info:    Redeclaring font encoding T1 on input line 48.
))
(/usr/local/texlive/2015/texmf-dist/tex/latex/fourier/fourier-orns.sty
Package: fourier-orns 2004/01/30 1.1 fourier-ornaments package
)
LaTeX Font Info:    Redeclaring symbol font `operators' on input line 50.
LaTeX Font Info:    Encoding `OT1' has changed to `T1' for symbol font
(Font)              `operators' in the math version `normal' on input line 50.
LaTeX Font Info:    Overwriting symbol font `operators' in version `normal'
(Font)                  OT1/lmr/m/n --> T1/futs/m/n on input line 50.
LaTeX Font Info:    Encoding `OT1' has changed to `T1' for symbol font
(Font)              `operators' in the math version `bold' on input line 50.
LaTeX Font Info:    Overwriting symbol font `operators' in version `bold'
(Font)                  OT1/lmr/bx/n --> T1/futs/m/n on input line 50.
LaTeX Font Info:    Overwriting symbol font `operators' in version `bold'
(Font)                  T1/futs/m/n --> T1/futs/b/n on input line 51.
LaTeX Font Info:    Redeclaring symbol font `letters' on input line 86.
LaTeX Font Info:    Encoding `OML' has changed to `FML' for symbol font
(Font)              `letters' in the math version `normal' on input line 86.
LaTeX Font Info:    Overwriting symbol font `letters' in version `normal'
(Font)                  OML/lmm/m/it --> FML/futm/m/it on input line 86.
LaTeX Font Info:    Encoding `OML' has changed to `FML' for symbol font
(Font)              `letters' in the math version `bold' on input line 86.
LaTeX Font Info:    Overwriting symbol font `letters' in version `bold'
(Font)                  OML/lmm/b/it --> FML/futm/m/it on input line 86.
\symotherletters=\mathgroup10
LaTeX Font Info:    Overwriting symbol font `letters' in version `bold'
(Font)                  FML/futm/m/it --> FML/futm/b/it on input line 88.
LaTeX Font Info:    Overwriting symbol font `otherletters' in version `bold'
(Font)                  FML/futmi/m/it --> FML/futmi/b/it on input line 89.
LaTeX Font Info:    Redeclaring math symbol \Gamma on input line 90.
LaTeX Font Info:    Redeclaring math symbol \Delta on input line 91.
LaTeX Font Info:    Redeclaring math symbol \Theta on input line 92.
LaTeX Font Info:    Redeclaring math symbol \Lambda on input line 93.
LaTeX Font Info:    Redeclaring math symbol \Xi on input line 94.
LaTeX Font Info:    Redeclaring math symbol \Pi on input line 95.
LaTeX Font Info:    Redeclaring math symbol \Sigma on input line 96.
LaTeX Font Info:    Redeclaring math symbol \Upsilon on input line 97.
LaTeX Font Info:    Redeclaring math symbol \Phi on input line 98.
LaTeX Font Info:    Redeclaring math symbol \Psi on input line 99.
LaTeX Font Info:    Redeclaring math symbol \Omega on input line 100.
LaTeX Font Info:    Redeclaring symbol font `symbols' on input line 113.
LaTeX Font Info:    Encoding `OMS' has changed to `FMS' for symbol font
(Font)              `symbols' in the math version `normal' on input line 113.
LaTeX Font Info:    Overwriting symbol font `symbols' in version `normal'
(Font)                  OMS/lmsy/m/n --> FMS/futm/m/n on input line 113.
LaTeX Font Info:    Encoding `OMS' has changed to `FMS' for symbol font
(Font)              `symbols' in the math version `bold' on input line 113.
LaTeX Font Info:    Overwriting symbol font `symbols' in version `bold'
(Font)                  OMS/lmsy/b/n --> FMS/futm/m/n on input line 113.
LaTeX Font Info:    Redeclaring symbol font `largesymbols' on input line 114.
LaTeX Font Info:    Encoding `OMX' has changed to `FMX' for symbol font
(Font)              `largesymbols' in the math version `normal' on input line 1
14.
LaTeX Font Info:    Overwriting symbol font `largesymbols' in version `normal'
(Font)                  OMX/lmex/m/n --> FMX/futm/m/n on input line 114.
LaTeX Font Info:    Encoding `OMX' has changed to `FMX' for symbol font
(Font)              `largesymbols' in the math version `bold' on input line 114
.
LaTeX Font Info:    Overwriting symbol font `largesymbols' in version `bold'
(Font)                  OMX/lmex/m/n --> FMX/futm/m/n on input line 114.
LaTeX Font Info:    Redeclaring math alphabet \mathbf on input line 115.
LaTeX Font Info:    Redeclaring math alphabet \mathrm on input line 116.
LaTeX Font Info:    Redeclaring math alphabet \mathit on input line 117.
LaTeX Font Info:    Overwriting math alphabet `\mathit' in version `normal'
(Font)                  OT1/lmr/m/it --> T1/futs/m/it on input line 117.
LaTeX Font Info:    Overwriting math alphabet `\mathit' in version `bold'
(Font)                  OT1/lmr/bx/it --> T1/futs/m/it on input line 117.
LaTeX Font Info:    Redeclaring math alphabet \mathcal on input line 118.
LaTeX Font Info:    Redeclaring math symbol \varkappa on input line 119.
LaTeX Font Info:    Redeclaring math symbol \leqslant on input line 125.
LaTeX Font Info:    Redeclaring math symbol \geqslant on input line 126.
LaTeX Font Info:    Redeclaring math symbol \vDash on input line 129.
LaTeX Font Info:    Redeclaring math symbol \blacktriangleleft on input line 13
0.
LaTeX Font Info:    Redeclaring math symbol \blacktriangleright on input line 1
31.
LaTeX Font Info:    Redeclaring math symbol \nleqslant on input line 132.
LaTeX Font Info:    Redeclaring math symbol \ngeqslant on input line 133.
LaTeX Font Info:    Redeclaring math symbol \parallel on input line 134.
LaTeX Font Info:    Redeclaring math symbol \nparallel on input line 135.
LaTeX Font Info:    Redeclaring math symbol \nvDash on input line 137.
LaTeX Font Info:    Redeclaring math symbol \intercal on input line 138.
LaTeX Font Info:    Redeclaring math symbol \hslash on input line 139.
LaTeX Font Info:    Redeclaring math symbol \nexists on input line 140.
LaTeX Font Info:    Redeclaring math symbol \complement on input line 141.
LaTeX Font Info:    Redeclaring math symbol \varsubsetneq on input line 142.
LaTeX Font Info:    Redeclaring math symbol \hbar on input line 148.
LaTeX Font Info:    Redeclaring math symbol \smallsetminus on input line 149.
LaTeX Font Info:    Redeclaring math symbol \subsetneqq on input line 150.
LaTeX Font Info:    Redeclaring math symbol \rightrightarrows on input line 151
.
LaTeX Font Info:    Redeclaring math symbol \leftleftarrows on input line 152.
LaTeX Font Info:    Redeclaring math symbol \square on input line 153.
LaTeX Font Info:    Redeclaring math symbol \curvearrowleft on input line 154.
LaTeX Font Info:    Redeclaring math symbol \curvearrowright on input line 155.

LaTeX Font Info:    Redeclaring math symbol \blacksquare on input line 156.
LaTeX Font Info:    Redeclaring math symbol \varkappa on input line 186.
LaTeX Font Info:    Redeclaring math symbol \varvarrho on input line 187.
LaTeX Font Info:    Redeclaring math delimiter \Vert on input line 210.
LaTeX Font Info:    Redeclaring math delimiter \vert on input line 215.
LaTeX Font Info:    Redeclaring math delimiter \lvert on input line 217.
LaTeX Font Info:    Redeclaring math delimiter \rvert on input line 219.
LaTeX Font Info:    Redeclaring math delimiter \lVert on input line 221.
LaTeX Font Info:    Redeclaring math delimiter \rVert on input line 223.
LaTeX Font Info:    Redeclaring math delimiter \Downarrow on input line 225.
LaTeX Font Info:    Redeclaring math delimiter \backslash on input line 227.
LaTeX Font Info:    Redeclaring math delimiter \rangle on input line 229.
LaTeX Font Info:    Redeclaring math delimiter \langle on input line 231.
LaTeX Font Info:    Redeclaring math delimiter \rbrace on input line 233.
LaTeX Font Info:    Redeclaring math delimiter \lbrace on input line 235.
LaTeX Font Info:    Redeclaring math delimiter \rceil on input line 237.
LaTeX Font Info:    Redeclaring math delimiter \lceil on input line 239.
LaTeX Font Info:    Redeclaring math delimiter \rfloor on input line 241.
LaTeX Font Info:    Redeclaring math delimiter \lfloor on input line 243.
LaTeX Font Info:    Redeclaring math accent \acute on input line 247.
LaTeX Font Info:    Redeclaring math accent \grave on input line 248.
LaTeX Font Info:    Redeclaring math accent \ddot on input line 249.
LaTeX Font Info:    Redeclaring math accent \tilde on input line 250.
LaTeX Font Info:    Redeclaring math accent \bar on input line 251.
LaTeX Font Info:    Redeclaring math accent \breve on input line 252.
LaTeX Font Info:    Redeclaring math accent \check on input line 253.
LaTeX Font Info:    Redeclaring math accent \hat on input line 254.
LaTeX Font Info:    Redeclaring math accent \dot on input line 255.
LaTeX Font Info:    Redeclaring math accent \mathring on input line 256.
\symUfutm=\mathgroup11
)
(/usr/local/texlive/2015/texmf-dist/tex/latex/tkz-base/tkz-base.sty
Package: tkz-base 2011/06/01 1.16 c tkz-base

(/usr/local/texlive/2015/texmf-dist/tex/latex/etex-pkg/etex.sty
Package: etex 2015/03/02 v2.1 eTeX basic definition package (PEB,DPC)
\et@xins=\count267
)
(/usr/local/texlive/2015/texmf-dist/tex/latex/pgf/frontendlayer/tikz.sty
(/usr/local/texlive/2015/texmf-dist/tex/latex/pgf/basiclayer/pgf.sty
(/usr/local/texlive/2015/texmf-dist/tex/latex/pgf/utilities/pgfrcs.sty
(/Users/marierenard/Library/texmf/tex/generic/pgf/tex/generic/utilities/pgfutil
-common.tex
\pgfutil@everybye=\toks77
Normal \dimen register pool exhausted, switching to extended pool.
\pgfutil@tempdima=\dimen256
\pgfutil@tempdimb=\dimen257

(/Users/marierenard/Library/texmf/tex/generic/pgf/tex/generic/utilities/pgfutil
-common-lists.tex))
(/Users/marierenard/Library/texmf/tex/generic/pgf/tex/generic/utilities/pgfutil
-latex.def
\pgfutil@abb=\box88
 (/usr/local/texlive/2015/texmf-dist/tex/latex/ms/everyshi.sty
Package: everyshi 2001/05/15 v3.00 EveryShipout Package (MS)
))
(/Users/marierenard/Library/texmf/tex/generic/pgf/tex/generic/utilities/pgfrcs.
code.tex
Package: pgfrcs 2013/12/20 v3.0.0 (rcs-revision 1.28)
))
Package: pgf 2013/12/18 v3.0.0 (rcs-revision 1.14)

(/usr/local/texlive/2015/texmf-dist/tex/latex/pgf/basiclayer/pgfcore.sty
(/usr/local/texlive/2015/texmf-dist/tex/latex/pgf/systemlayer/pgfsys.sty
(/Users/marierenard/Library/texmf/tex/generic/pgf/tex/generic/systemlayer/pgfsy
s.code.tex
Package: pgfsys 2013/11/30 v3.0.0 (rcs-revision 1.47)

(/Users/marierenard/Library/texmf/tex/generic/pgf/tex/generic/utilities/pgfkeys
.code.tex)
\pgf@x=\dimen258
\pgf@y=\dimen259
\pgf@xa=\dimen260
\pgf@ya=\dimen261
\pgf@xb=\dimen262
\pgf@yb=\dimen263
\pgf@xc=\dimen264
\pgf@yc=\dimen265
\w@pgf@writea=\write4
\r@pgf@reada=\read4
Normal \count register pool exhausted, switching to extended pool.
\c@pgf@counta=\count277
\c@pgf@countb=\count278
\c@pgf@countc=\count279
\c@pgf@countd=\count280
\t@pgf@toka=\toks78
\t@pgf@tokb=\toks79
\t@pgf@tokc=\toks80

(/Users/marierenard/Library/texmf/tex/generic/pgf/tex/generic/systemlayer/pgf.c
fg
File: pgf.cfg 2008/05/14  (rcs-revision 1.7)
)
Driver file for pgf: pgfsys-dvips.def

(/Users/marierenard/Library/texmf/tex/generic/pgf/tex/generic/systemlayer/pgfsy
s-dvips.def
File: pgfsys-dvips.def 2013/07/16  (rcs-revision 1.23)

(/Users/marierenard/Library/texmf/tex/generic/pgf/tex/generic/systemlayer/pgfsy
s-common-postscript.def
File: pgfsys-common-postscript.def 2008/10/01  (rcs-revision 1.22)
\pgf@objectcount=\count281
)))
(/Users/marierenard/Library/texmf/tex/generic/pgf/tex/generic/systemlayer/pgfsy
ssoftpath.code.tex
File: pgfsyssoftpath.code.tex 2013/09/09  (rcs-revision 1.9)
\pgfsyssoftpath@smallbuffer@items=\count282
\pgfsyssoftpath@bigbuffer@items=\count283
)
(/Users/marierenard/Library/texmf/tex/generic/pgf/tex/generic/systemlayer/pgfsy
sprotocol.code.tex
File: pgfsysprotocol.code.tex 2006/10/16  (rcs-revision 1.4)
))
(/Users/marierenard/Library/texmf/tex/generic/pgf/tex/generic/basiclayer/pgfcor
e.code.tex
Package: pgfcore 2010/04/11 v3.0.0 (rcs-revision 1.7)

(/Users/marierenard/Library/texmf/tex/generic/pgf/tex/generic/math/pgfmath.code
.tex)
(/Users/marierenard/Library/texmf/tex/generic/pgf/tex/generic/basiclayer/pgfcor
epoints.code.tex
File: pgfcorepoints.code.tex 2013/10/07  (rcs-revision 1.27)
\pgf@picminx=\dimen266
\pgf@picmaxx=\dimen267
\pgf@picminy=\dimen268
\pgf@picmaxy=\dimen269
\pgf@pathminx=\dimen270
\pgf@pathmaxx=\dimen271
\pgf@pathminy=\dimen272
\pgf@pathmaxy=\dimen273
\pgf@xx=\dimen274
\pgf@xy=\dimen275
\pgf@yx=\dimen276
\pgf@yy=\dimen277
\pgf@zx=\dimen278
\pgf@zy=\dimen279
)
(/Users/marierenard/Library/texmf/tex/generic/pgf/tex/generic/basiclayer/pgfcor
epathconstruct.code.tex
File: pgfcorepathconstruct.code.tex 2013/10/07  (rcs-revision 1.29)
\pgf@path@lastx=\dimen280
\pgf@path@lasty=\dimen281
)
(/Users/marierenard/Library/texmf/tex/generic/pgf/tex/generic/basiclayer/pgfcor
epathusage.code.tex
File: pgfcorepathusage.code.tex 2013/12/13  (rcs-revision 1.23)
\pgf@shorten@end@additional=\dimen282
\pgf@shorten@start@additional=\dimen283
)
(/Users/marierenard/Library/texmf/tex/generic/pgf/tex/generic/basiclayer/pgfcor
escopes.code.tex
File: pgfcorescopes.code.tex 2013/10/09  (rcs-revision 1.44)
\pgfpic=\box89
\pgf@hbox=\box90
\pgf@layerbox@main=\box91
\pgf@picture@serial@count=\count284
)
(/Users/marierenard/Library/texmf/tex/generic/pgf/tex/generic/basiclayer/pgfcor
egraphicstate.code.tex
File: pgfcoregraphicstate.code.tex 2013/09/19  (rcs-revision 1.11)
\pgflinewidth=\dimen284
)
(/Users/marierenard/Library/texmf/tex/generic/pgf/tex/generic/basiclayer/pgfcor
etransformations.code.tex
File: pgfcoretransformations.code.tex 2013/10/10  (rcs-revision 1.17)
\pgf@pt@x=\dimen285
\pgf@pt@y=\dimen286
\pgf@pt@temp=\dimen287
)
(/Users/marierenard/Library/texmf/tex/generic/pgf/tex/generic/basiclayer/pgfcor
equick.code.tex
File: pgfcorequick.code.tex 2008/10/09  (rcs-revision 1.3)
)
(/Users/marierenard/Library/texmf/tex/generic/pgf/tex/generic/basiclayer/pgfcor
eobjects.code.tex
File: pgfcoreobjects.code.tex 2006/10/11  (rcs-revision 1.2)
)
(/Users/marierenard/Library/texmf/tex/generic/pgf/tex/generic/basiclayer/pgfcor
epathprocessing.code.tex
File: pgfcorepathprocessing.code.tex 2013/09/09  (rcs-revision 1.9)
)
(/Users/marierenard/Library/texmf/tex/generic/pgf/tex/generic/basiclayer/pgfcor
earrows.code.tex
File: pgfcorearrows.code.tex 2013/11/07  (rcs-revision 1.40)
\pgfarrowsep=\dimen288
)
(/Users/marierenard/Library/texmf/tex/generic/pgf/tex/generic/basiclayer/pgfcor
eshade.code.tex
File: pgfcoreshade.code.tex 2013/07/15  (rcs-revision 1.15)
\pgf@max=\dimen289
\pgf@sys@shading@range@num=\count285
)
(/Users/marierenard/Library/texmf/tex/generic/pgf/tex/generic/basiclayer/pgfcor
eimage.code.tex
File: pgfcoreimage.code.tex 2013/07/15  (rcs-revision 1.18)

(/Users/marierenard/Library/texmf/tex/generic/pgf/tex/generic/basiclayer/pgfcor
eexternal.code.tex
File: pgfcoreexternal.code.tex 2013/07/15  (rcs-revision 1.20)
\pgfexternal@startupbox=\box92
))
(/Users/marierenard/Library/texmf/tex/generic/pgf/tex/generic/basiclayer/pgfcor
elayers.code.tex
File: pgfcorelayers.code.tex 2013/07/18  (rcs-revision 1.7)
)
(/Users/marierenard/Library/texmf/tex/generic/pgf/tex/generic/basiclayer/pgfcor
etransparency.code.tex
File: pgfcoretransparency.code.tex 2013/09/30  (rcs-revision 1.5)
)
(/Users/marierenard/Library/texmf/tex/generic/pgf/tex/generic/basiclayer/pgfcor
epatterns.code.tex
File: pgfcorepatterns.code.tex 2013/11/07  (rcs-revision 1.5)
)))
(/Users/marierenard/Library/texmf/tex/generic/pgf/tex/generic/modules/pgfmodule
shapes.code.tex
File: pgfmoduleshapes.code.tex 2013/10/31  (rcs-revision 1.34)
\pgfnodeparttextbox=\box93
)
(/Users/marierenard/Library/texmf/tex/generic/pgf/tex/generic/modules/pgfmodule
plot.code.tex
File: pgfmoduleplot.code.tex 2013/07/31  (rcs-revision 1.12)
)
(/usr/local/texlive/2015/texmf-dist/tex/latex/pgf/compatibility/pgfcomp-version
-0-65.sty
Package: pgfcomp-version-0-65 2007/07/03 v3.0.0 (rcs-revision 1.7)
\pgf@nodesepstart=\dimen290
\pgf@nodesepend=\dimen291
)
(/usr/local/texlive/2015/texmf-dist/tex/latex/pgf/compatibility/pgfcomp-version
-1-18.sty
Package: pgfcomp-version-1-18 2007/07/23 v3.0.0 (rcs-revision 1.1)
))
(/usr/local/texlive/2015/texmf-dist/tex/latex/pgf/utilities/pgffor.sty
(/usr/local/texlive/2015/texmf-dist/tex/latex/pgf/utilities/pgfkeys.sty
(/Users/marierenard/Library/texmf/tex/generic/pgf/tex/generic/utilities/pgfkeys
.code.tex)) (/usr/local/texlive/2015/texmf-dist/tex/latex/pgf/math/pgfmath.sty
(/Users/marierenard/Library/texmf/tex/generic/pgf/tex/generic/math/pgfmath.code
.tex))
(/Users/marierenard/Library/texmf/tex/generic/pgf/tex/generic/utilities/pgffor.
code.tex
Package: pgffor 2013/12/13 v3.0.0 (rcs-revision 1.25)

(/Users/marierenard/Library/texmf/tex/generic/pgf/tex/generic/math/pgfmath.code
.tex)
\pgffor@iter=\dimen292
\pgffor@skip=\dimen293
\pgffor@stack=\toks81
\pgffor@toks=\toks82
))
(/Users/marierenard/Library/texmf/tex/generic/pgf/tex/generic/frontendlayer/tik
z.code.tex
Package: tikz 2013/12/13 v3.0.0 (rcs-revision 1.142)

(/Users/marierenard/Library/texmf/tex/generic/pgf/tex/generic/libraries/pgflibr
aryplothandlers.code.tex
File: pgflibraryplothandlers.code.tex 2013/08/31 v3.0.0 (rcs-revision 1.20)
\pgf@plot@mark@count=\count286
\pgfplotmarksize=\dimen294
)
\tikz@lastx=\dimen295
\tikz@lasty=\dimen296
\tikz@lastxsaved=\dimen297
\tikz@lastysaved=\dimen298
\tikzleveldistance=\dimen299
\tikzsiblingdistance=\dimen300
\tikz@figbox=\box94
\tikz@figbox@bg=\box95
\tikz@tempbox=\box96
\tikz@tempbox@bg=\box97
\tikztreelevel=\count287
\tikznumberofchildren=\count288
\tikznumberofcurrentchild=\count289
\tikz@fig@count=\count290

(/Users/marierenard/Library/texmf/tex/generic/pgf/tex/generic/modules/pgfmodule
matrix.code.tex
File: pgfmodulematrix.code.tex 2013/09/17  (rcs-revision 1.8)
\pgfmatrixcurrentrow=\count291
\pgfmatrixcurrentcolumn=\count292
\pgf@matrix@numberofcolumns=\count293
)
\tikz@expandcount=\count294

(/Users/marierenard/Library/texmf/tex/generic/pgf/tex/generic/frontendlayer/lib
raries/tikzlibrarytopaths.code.tex
File: tikzlibrarytopaths.code.tex 2008/06/17 v3.0.0 (rcs-revision 1.2)
)))
(/Users/marierenard/Library/texmf/tex/generic/pgf/tex/generic/frontendlayer/lib
raries/tikzlibrarycalc.code.tex
File: tikzlibrarycalc.code.tex 2013/07/15 v3.0.0 (rcs-revision 1.9)
)
(/Users/marierenard/Library/texmf/tex/generic/pgf/tex/generic/frontendlayer/lib
raries/tikzlibraryarrows.code.tex
File: tikzlibraryarrows.code.tex 2008/01/09 v3.0.0 (rcs-revision 1.1)

(/Users/marierenard/Library/texmf/tex/generic/pgf/tex/generic/libraries/pgflibr
aryarrows.code.tex
File: pgflibraryarrows.code.tex 2013/09/23 v3.0.0 (rcs-revision 1.16)
\arrowsize=\dimen301
))
(/Users/marierenard/Library/texmf/tex/generic/pgf/tex/generic/frontendlayer/lib
raries/tikzlibraryplotmarks.code.tex
File: tikzlibraryplotmarks.code.tex 2008/01/09 v3.0.0 (rcs-revision 1.1)

(/Users/marierenard/Library/texmf/tex/generic/pgf/tex/generic/libraries/pgflibr
aryplotmarks.code.tex
File: pgflibraryplotmarks.code.tex 2013/07/20 v3.0.0 (rcs-revision 1.13)
))
(/Users/marierenard/Library/texmf/tex/generic/pgf/tex/generic/frontendlayer/lib
raries/tikzlibrarypositioning.code.tex
File: tikzlibrarypositioning.code.tex 2008/10/06 v3.0.0 (rcs-revision 1.7)
)
(/Users/marierenard/Library/texmf/tex/generic/pgf/tex/generic/frontendlayer/lib
raries/tikzlibraryshapes.misc.code.tex
File: tikzlibraryshapes.misc.code.tex 2008/01/09 v3.0.0 (rcs-revision 1.1)

(/Users/marierenard/Library/texmf/tex/generic/pgf/tex/generic/libraries/shapes/
pgflibraryshapes.misc.code.tex
File: pgflibraryshapes.misc.code.tex 2013/07/18 v3.0.0 (rcs-revision 1.5)
))
(/Users/marierenard/Library/texmf/tex/generic/pgf/tex/generic/frontendlayer/lib
raries/tikzlibrarydecorations.code.tex
(/Users/marierenard/Library/texmf/tex/generic/pgf/tex/generic/modules/pgfmodule
decorations.code.tex
\pgfdecoratedcompleteddistance=\dimen302
\pgfdecoratedremainingdistance=\dimen303
\pgfdecoratedinputsegmentcompleteddistance=\dimen304
\pgfdecoratedinputsegmentremainingdistance=\dimen305
\pgf@decorate@distancetomove=\dimen306
\pgf@decorate@repeatstate=\count295
\pgfdecorationsegmentamplitude=\dimen307
\pgfdecorationsegmentlength=\dimen308
)
\tikz@lib@dec@box=\box98
)
(/Users/marierenard/Library/texmf/tex/generic/pgf/tex/generic/frontendlayer/lib
raries/tikzlibrarydecorations.markings.code.tex
(/Users/marierenard/Library/texmf/tex/generic/pgf/tex/generic/libraries/decorat
ions/pgflibrarydecorations.markings.code.tex))
(/Users/marierenard/Library/texmf/tex/generic/pgf/tex/generic/frontendlayer/lib
raries/tikzlibrarydecorations.pathreplacing.code.tex
(/Users/marierenard/Library/texmf/tex/generic/pgf/tex/generic/libraries/decorat
ions/pgflibrarydecorations.pathreplacing.code.tex))
(/Users/marierenard/Library/texmf/tex/generic/pgf/tex/generic/frontendlayer/lib
raries/tikzlibrarypatterns.code.tex
File: tikzlibrarypatterns.code.tex 2008/01/15 v3.0.0 (rcs-revision 1.2)

(/Users/marierenard/Library/texmf/tex/generic/pgf/tex/generic/libraries/pgflibr
arypatterns.code.tex
File: pgflibrarypatterns.code.tex 2008/03/03 v3.0.0 (rcs-revision 1.13)
)) (/usr/local/texlive/2015/texmf-dist/tex/latex/fp/fp.sty
Package: fp 1995/04/02

`Fixed Point Package', Version 0.8, April 2, 1995 (C) Michael Mehlich
(/usr/local/texlive/2015/texmf-dist/tex/latex/fp/defpattern.sty
Package: defpattern 1994/10/12
\actioncount=\count296
)
(/usr/local/texlive/2015/texmf-dist/tex/latex/fp/fp-basic.sty
Package: fp-basic 1996/05/13
\FP@xs=\count297
\FP@xia=\count298
\FP@xib=\count299
\FP@xfa=\count300
\FP@xfb=\count301
\FP@rega=\count302
\FP@regb=\count303
\FP@regs=\count304
\FP@times=\count305
)
(/usr/local/texlive/2015/texmf-dist/tex/latex/fp/fp-addons.sty
Package: fp-addons 1995/03/15
)
(/usr/local/texlive/2015/texmf-dist/tex/latex/fp/fp-snap.sty
Package: fp-snap 1995/04/05
)
(/usr/local/texlive/2015/texmf-dist/tex/latex/fp/fp-exp.sty
Package: fp-exp 1995/04/03
)
(/usr/local/texlive/2015/texmf-dist/tex/latex/fp/fp-trigo.sty
Package: fp-trigo 1995/04/14
)
(/usr/local/texlive/2015/texmf-dist/tex/latex/fp/fp-pas.sty
Package: fp-pas 1994/08/29
)
(/usr/local/texlive/2015/texmf-dist/tex/latex/fp/fp-random.sty
Package: fp-random 1995/02/23
\FPseed=\count306
)
(/usr/local/texlive/2015/texmf-dist/tex/latex/fp/fp-eqn.sty
Package: fp-eqn 1995/04/03
)
(/usr/local/texlive/2015/texmf-dist/tex/latex/fp/fp-upn.sty
Package: fp-upn 1996/10/21
)
(/usr/local/texlive/2015/texmf-dist/tex/latex/fp/fp-eval.sty
Package: fp-eval 1995/04/03
))
\tkzRadius=\dimen309
\tkzLength=\dimen310
\tkz@radi=\dimen311
\tkz@ax=\dimen312
\tkz@ay=\dimen313
\tkz@bx=\dimen314
\tkz@by=\dimen315
\tkz@cx=\dimen316
\tkz@cy=\dimen317
\tkz@dx=\dimen318
\tkz@dy=\dimen319

(/usr/local/texlive/2015/texmf-dist/tex/latex/tkz-base/tkz-tools-utilities.tex)
(/usr/local/texlive/2015/texmf-dist/tex/latex/tkz-base/tkz-tools-arith.tex
File: tkz-tool-arith.tex tkz-tool-arith 1.161 c
)
(/usr/local/texlive/2015/texmf-dist/tex/latex/tkz-base/tkz-tools-base.tex)
(/usr/local/texlive/2015/texmf-dist/tex/latex/tkz-base/tkz-tools-misc.tex)
(/usr/local/texlive/2015/texmf-dist/tex/latex/tkz-base/tkz-tools-math.tex)
(/usr/local/texlive/2015/texmf-dist/tex/latex/tkz-base/tkz-obj-points.tex)
(/usr/local/texlive/2015/texmf-dist/tex/latex/tkz-base/tkz-obj-segments.tex)
(/usr/local/texlive/2015/texmf-dist/tex/latex/tkz-base/tkz-obj-marks.tex
\tkz@cntmk=\count307
))
(/usr/local/texlive/2015/texmf-dist/tex/latex/tkz-euclide/tkz-euclide.sty
Package: tkz-euclide 2011/06/01 1.16 c for plots 2d 

(/usr/local/texlive/2015/texmf-dist/tex/latex/tkz-euclide/tkz-tools-intersectio
ns.tex)
(/usr/local/texlive/2015/texmf-dist/tex/latex/tkz-euclide/tkz-tools-transformat
ions.tex)
(/usr/local/texlive/2015/texmf-dist/tex/latex/tkz-euclide/tkz-obj-lines.tex)
(/usr/local/texlive/2015/texmf-dist/tex/latex/tkz-euclide/tkz-lib-symbols.tex)
(/usr/local/texlive/2015/texmf-dist/tex/latex/tkz-euclide/tkz-obj-circles.tex)
(/usr/local/texlive/2015/texmf-dist/tex/latex/tkz-euclide/tkz-obj-addpoints.tex
)) (/usr/local/texlive/2015/texmf-dist/tex/latex/tkz-fct/tkz-fct.sty
Package: tkz-fct 2011/06/01 1.16 c function 
\tkz@tkzf@fct=\count308
)
(/usr/local/texlive/2015/texmf-dist/tex/latex/tkz-tab/tkz-tab.sty
Package: tkz-tab 2011/04/17 v1.4c variations (ctan version) 
\tkz@XF=\dimen320
\tkz@YF=\dimen321
\c@tkz@cnt@line=\count309
\c@tkz@cnt@lg=\count310
\c@tkz@cnt@cl=\count311
\c@tkz@cnt@pred=\count312
\c@tkz@cnt@temp=\count313
\c@tkz@cnt@arrow=\count314
\c@tkz@cnt@zone=\count315
\c@tkz@cnt@lgnext=\count316
\c@tkz@cnt@clnext=\count317
\c@tkz@cnt@pair=\count318
\c@tkz@cnt@impair=\count319
\c@tkz@cnt@aw=\count320
)
(/usr/local/texlive/2015/texmf-dist/tex/latex/tkz-euclide/tkz-obj-polygons.tex)
(/usr/local/texlive/2015/texmf-dist/tex/latex/tkz-euclide/tkz-obj-vectors.tex)
(/usr/local/texlive/2015/texmf-dist/tex/latex/tkz-euclide/tkz-obj-arcs.tex)
(/usr/local/texlive/2015/texmf-dist/tex/latex/tkz-euclide/tkz-obj-sectors.tex)
(/usr/local/texlive/2015/texmf-dist/tex/latex/tkz-euclide/tkz-obj-angles.tex)
(/usr/local/texlive/2015/texmf-dist/tex/latex/tkz-euclide/tkz-obj-protractor.te
x) (/usr/local/texlive/2015/texmf-dist/tex/latex/alterqcm/alterqcm.sty
Package: alterqcm 2011/06/01 v3.6 qcm creation

(/usr/local/texlive/2015/texmf-dist/tex/latex/tools/calc.sty
Package: calc 2014/10/28 v4.3 Infix arithmetic (KKT,FJ)
\calc@Acount=\count321
\calc@Bcount=\count322
\calc@Adimen=\dimen322
\calc@Bdimen=\dimen323
\calc@Askip=\skip94
\calc@Bskip=\skip95
LaTeX Info: Redefining \setlength on input line 80.
LaTeX Info: Redefining \addtolength on input line 81.
\calc@Ccount=\count323
\calc@Cskip=\skip96
)
(/usr/local/texlive/2015/texmf-dist/tex/latex/multirow/multirow.sty
\bigstrutjot=\dimen324
)
\aq@randomi=\count324
\c@aq@identRow=\count325
\c@aq@identCol=\count326
\aq@tmp=\count327
\aq@ranval=\count328
\aq@tdml@a=\toks83
\aq@tdml@b=\toks84
\aq@alea=\count329
\aq@n@arg=\count330
\aq@tempbox=\box99
\aq@hauteurquest=\dimen325
\aq@hauteurprop=\dimen326
\aq@wdquest=\dimen327
\aq@wdprop=\dimen328
\aq@dimtmpa=\dimen329
\aq@dimtmpb=\dimen330
\aq@dimtmp=\dimen331
\c@AQ@numquestion=\count331
\c@aq@numb=\count332
\c@AQ@numprop=\count333
\c@alea@numfirst=\count334
\c@alea@numlast=\count335
)
\longarc=\skip97

(/usr/local/texlive/2015/texmf-dist/tex/latex/ucs/ucs.sty
Package: ucs 2013/05/11 v2.2 UCS: Unicode input support

(/usr/local/texlive/2015/texmf-dist/tex/latex/ucs/data/uni-global.def
File: uni-global.def 2013/05/13 UCS: Unicode global data
)
\uc@secondtry=\count336
\uc@combtoks=\toks85
\uc@combtoksb=\toks86
\uc@temptokena=\toks87
)
(/usr/local/texlive/2015/texmf-dist/tex/latex/algorithms/algorithm.sty
Package: algorithm 2009/08/24 v0.1 Document Style `algorithm' - floating enviro
nment

(/usr/local/texlive/2015/texmf-dist/tex/latex/float/float.sty
Package: float 2001/11/08 v1.3d Float enhancements (AL)
\c@float@type=\count337
\float@exts=\toks88
\float@box=\box100
\@float@everytoks=\toks89
\@floatcapt=\box101
)
\@float@every@algorithm=\toks90
\c@algorithm=\count338
)
(/usr/local/texlive/2015/texmf-dist/tex/latex/algorithmicx/algpseudocode.sty
Package: algpseudocode 

(/usr/local/texlive/2015/texmf-dist/tex/latex/algorithmicx/algorithmicx.sty
Package: algorithmicx 2005/04/27 v1.2 Algorithmicx

Document Style algorithmicx 1.2 - a greatly improved `algorithmic' style
\c@ALG@line=\count339
\c@ALG@rem=\count340
\c@ALG@nested=\count341
\ALG@tlm=\skip98
\ALG@thistlm=\skip99
\c@ALG@Lnr=\count342
\c@ALG@blocknr=\count343
\c@ALG@storecount=\count344
\c@ALG@tmpcounter=\count345
\ALG@tmplength=\skip100
)
Document Style - pseudocode environments for use with the `algorithmicx' style
) (/usr/local/texlive/2015/texmf-dist/tex/latex/base/alltt.sty
Package: alltt 1997/06/16 v2.0g defines alltt environment
)
(/usr/local/texlive/2015/texmf-dist/tex/latex/animate/animate.sty
Package: animate 2015/03/11 PDF animations from files and inline graphics

(/usr/local/texlive/2015/texmf-dist/tex/latex/oberdiek/ifdraft.sty
Package: ifdraft 2008/08/11 v1.3 Detect class options draft and final (HO)
)
(/usr/local/texlive/2015/texmf-dist/tex/latex/oberdiek/atenddvi.sty
Package: atenddvi 2007/04/17 v1.1 At end DVI hook (HO)

(/usr/local/texlive/2015/texmf-dist/tex/latex/oberdiek/zref-abspage.sty
Package: zref-abspage 2012/04/04 v2.24 Module abspage for zref (HO)

(/usr/local/texlive/2015/texmf-dist/tex/latex/oberdiek/zref-base.sty
Package: zref-base 2012/04/04 v2.24 Module base for zref (HO)
Package zref Info: New property list: main on input line 759.
Package zref Info: New property: default on input line 760.
Package zref Info: New property: page on input line 761.
)
\c@abspage=\count346
Package zref Info: New property: abspage on input line 62.
)
(/usr/local/texlive/2015/texmf-dist/tex/latex/oberdiek/zref-lastpage.sty
Package: zref-lastpage 2012/04/04 v2.24 Module lastpage for zref (HO)
Package zref Info: New property list: LastPage on input line 55.
))
(/usr/local/texlive/2015/texmf-dist/tex/latex/animate/animfp.sty
Package: animfp 2009/07/23 fixed point addition for animate.sty
\afp@xs=\count347
\afp@xia=\count348
\afp@xib=\count349
\afp@xfa=\count350
\afp@xfb=\count351
\afp@rega=\count352
\afp@regb=\count353
\afp@regs=\count354
)
\@anim@fieldnum=\count355
\@anim@box=\box102
\@anim@measbox=\box103
\@anim@tmpdima=\dimen332
\@anim@tmpdimb=\dimen333
\@anim@objnum=\count356
\@anim@num=\count357
\@anim@curframe=\count358
\@anim@curframe@zb=\count359
\@anim@resizeflags=\count360
\@anim@skipfram=\count361
\@anim@mulframecnt=\count362
\@anim@@tmlnfile=\read5
\@anim@tmpcnt=\count363
\c@@anim@ltxcnt=\count364
\@anim@curlayer=\count365
\@anim@lineno=\count366
\@anim@curfield=\count367
\@anim@begin=\toks91
\@anim@end=\toks92
\@anim@@resizeflags=\count368
)
(/Users/marierenard/Library/texmf/tex/generic/boiboite/boiboites.sty
\boiboite=\box104
))
(/Users/marierenard/Library/texmf/tex/Mise en forme theoreme/th_ex.tex
\c@Rem=\count369
\c@Ex=\count370
\c@Exer=\count371
)
(/Users/marierenard/Library/texmf/tex/Insertion algobox/algorithme.tex
\therules=\toks93
)
\c@compteurEX=\count372

(./M13 la dichotomie.aux)
\openout1 = `"M13 la dichotomie.aux"'.

LaTeX Font Info:    Checking defaults for OML/cmm/m/it on input line 22.
LaTeX Font Info:    ... okay on input line 22.
LaTeX Font Info:    Checking defaults for T1/cmr/m/n on input line 22.
LaTeX Font Info:    ... okay on input line 22.
LaTeX Font Info:    Checking defaults for OT1/cmr/m/n on input line 22.
LaTeX Font Info:    ... okay on input line 22.
LaTeX Font Info:    Checking defaults for OMS/cmsy/m/n on input line 22.
LaTeX Font Info:    ... okay on input line 22.
LaTeX Font Info:    Checking defaults for OMX/cmex/m/n on input line 22.
LaTeX Font Info:    ... okay on input line 22.
LaTeX Font Info:    Checking defaults for U/cmr/m/n on input line 22.
LaTeX Font Info:    ... okay on input line 22.
LaTeX Font Info:    Checking defaults for PD1/pdf/m/n on input line 22.
LaTeX Font Info:    ... okay on input line 22.
LaTeX Font Info:    Checking defaults for TS1/cmr/m/n on input line 22.
LaTeX Font Info:    Try loading font information for TS1+cmr on input line 22.

(/usr/local/texlive/2015/texmf-dist/tex/latex/base/ts1cmr.fd
File: ts1cmr.fd 2014/09/29 v2.5h Standard LaTeX font definitions
)
LaTeX Font Info:    ... okay on input line 22.
LaTeX Font Info:    Checking defaults for FML/futm/m/it on input line 22.
LaTeX Font Info:    Try loading font information for FML+futm on input line 22.


(/usr/local/texlive/2015/texmf-dist/tex/latex/fourier/fmlfutm.fd
File: fmlfutm.fd 2004/10/30 Fontinst v1.926 font definitions for FML/futm.
)
LaTeX Font Info:    ... okay on input line 22.
LaTeX Font Info:    Checking defaults for FMS/futm/m/n on input line 22.
LaTeX Font Info:    Try loading font information for FMS+futm on input line 22.


(/usr/local/texlive/2015/texmf-dist/tex/latex/fourier/fmsfutm.fd
File: fmsfutm.fd 2004/10/30 Fontinst v1.926 font definitions for FMS/futm.
)
LaTeX Font Info:    ... okay on input line 22.
LaTeX Font Info:    Checking defaults for FMX/futm/m/n on input line 22.
LaTeX Font Info:    Try loading font information for FMX+futm on input line 22.


(/usr/local/texlive/2015/texmf-dist/tex/latex/fourier/fmxfutm.fd
File: fmxfutm.fd futm-extension
)
LaTeX Font Info:    ... okay on input line 22.
LaTeX Font Info:    Try loading font information for T1+lmr on input line 22.

(/usr/local/texlive/2015/texmf-dist/tex/latex/lm/t1lmr.fd
File: t1lmr.fd 2009/10/30 v1.6 Font defs for Latin Modern
)
\AtBeginShipoutBox=\box105
Package hyperref Info: Link coloring ON on input line 22.

(/usr/local/texlive/2015/texmf-dist/tex/latex/hyperref/nameref.sty
Package: nameref 2012/10/27 v2.43 Cross-referencing by name of section

(/usr/local/texlive/2015/texmf-dist/tex/generic/oberdiek/gettitlestring.sty
Package: gettitlestring 2010/12/03 v1.4 Cleanup title references (HO)
)
\c@section@level=\count373
)
LaTeX Info: Redefining \ref on input line 22.
LaTeX Info: Redefining \pageref on input line 22.
LaTeX Info: Redefining \nameref on input line 22.

(./M13 la dichotomie.out) (./M13 la dichotomie.out)
\@outlinefile=\write5
\openout5 = `"M13 la dichotomie.out"'.


*geometry* detected driver: dvips
*geometry* verbose mode - [ preamble ] result:
* driver: dvips
* paper: a4paper
* layout: <same size as paper>
* layoutoffset:(h,v)=(0.0pt,0.0pt)
* modes: 
* h-part:(L,W,R)=(71.13188pt, 455.24411pt, 71.13188pt)
* v-part:(T,H,B)=(71.13188pt, 702.78308pt, 71.13188pt)
* \paperwidth=597.50787pt
* \paperheight=845.04684pt
* \textwidth=455.24411pt
* \textheight=702.78308pt
* \oddsidemargin=-1.1381pt
* \evensidemargin=-1.1381pt
* \topmargin=-38.1381pt
* \headheight=12.0pt
* \headsep=25.0pt
* \topskip=11.0pt
* \footskip=30.0pt
* \marginparwidth=59.0pt
* \marginparsep=10.0pt
* \columnsep=10.0pt
* \skip\footins=10.0pt plus 4.0pt minus 2.0pt
* \hoffset=0.0pt
* \voffset=0.0pt
* \mag=1000
* \@twocolumnfalse
* \@twosidefalse
* \@mparswitchfalse
* \@reversemarginfalse
* (1in=72.27pt=25.4mm, 1cm=28.453pt)

LaTeX Info: Redefining \degres on input line 22.
LaTeX Info: Redefining \dots on input line 22.
Package frenchb.ldf Info: Setting StandardEnumerateEnv=true for
(frenchb.ldf)             compatibility with enumerate package,
(frenchb.ldf)              on input line 22.
LaTeX Info: Redefining \up on input line 22.

(/usr/local/texlive/2015/texmf-dist/tex/latex/beamer/translator/dicts/translato
r-basic-dictionary/translator-basic-dictionary-English.dict
Dictionary: translator-basic-dictionary, Language: English 
)
(/usr/local/texlive/2015/texmf-dist/tex/latex/siunitx/siunitx-abbreviations.cfg
File: siunitx-abbreviations.cfg 2015/01/21 v2.6e siunitx: Abbreviated units
)
Package caption Info: Begin \AtBeginDocument code.
Package caption Info: float package is loaded.
Package caption Info: End \AtBeginDocument code.
 ABD: EveryShipout initializing macros
(/usr/local/texlive/2015/texmf-dist/tex/latex/ucs/ucsencs.def
File: ucsencs.def 2011/01/21 Fixes to fontencodings LGR, T3
)
\c__siunitx_mathsf_int=\count374
LaTeX Font Info:    Try loading font information for T1+futs on input line 22.

(/usr/local/texlive/2015/texmf-dist/tex/latex/fourier/t1futs.fd
File: t1futs.fd 2004/03/02 Fontinst v1.926 font definitions for T1/futs.
)
LaTeX Font Info:    Font shape `FMX/futm/m/n' will be
(Font)              scaled to size 10.07397pt on input line 22.
LaTeX Font Info:    Font shape `FMX/futm/m/n' will be
(Font)              scaled to size 7.63599pt on input line 22.
LaTeX Font Info:    Font shape `FMX/futm/m/n' will be
(Font)              scaled to size 5.51999pt on input line 22.
LaTeX Font Info:    Try loading font information for OT1+lmr on input line 22.

(/usr/local/texlive/2015/texmf-dist/tex/latex/lm/ot1lmr.fd
File: ot1lmr.fd 2009/10/30 v1.6 Font defs for Latin Modern
)
LaTeX Font Info:    Try loading font information for OML+lmm on input line 22.

(/usr/local/texlive/2015/texmf-dist/tex/latex/lm/omllmm.fd
File: omllmm.fd 2009/10/30 v1.6 Font defs for Latin Modern
)
LaTeX Font Info:    Try loading font information for OMS+lmsy on input line 22.


(/usr/local/texlive/2015/texmf-dist/tex/latex/lm/omslmsy.fd
File: omslmsy.fd 2009/10/30 v1.6 Font defs for Latin Modern
)
LaTeX Font Info:    Try loading font information for U+msa on input line 22.

(/usr/local/texlive/2015/texmf-dist/tex/latex/amsfonts/umsa.fd
File: umsa.fd 2013/01/14 v3.01 AMS symbols A
)
LaTeX Font Info:    Try loading font information for U+msb on input line 22.

(/usr/local/texlive/2015/texmf-dist/tex/latex/amsfonts/umsb.fd
File: umsb.fd 2013/01/14 v3.01 AMS symbols B
)
LaTeX Font Info:    Try loading font information for U+rsfs on input line 22.

(/usr/local/texlive/2015/texmf-dist/tex/latex/jknapltx/ursfs.fd
File: ursfs.fd 1998/03/24 rsfs font definition file (jk)
)
LaTeX Font Info:    Try loading font information for FML+futmi on input line 22
.

(/usr/local/texlive/2015/texmf-dist/tex/latex/fourier/fmlfutmi.fd
File: fmlfutmi.fd 2004/10/30 Fontinst v1.926 font definitions for FML/futmi.
)
LaTeX Font Info:    Font shape `U/futm/m/n' will be
(Font)              scaled to size 10.07397pt on input line 22.
LaTeX Font Info:    Font shape `U/futm/m/n' will be
(Font)              scaled to size 7.63599pt on input line 22.
LaTeX Font Info:    Font shape `U/futm/m/n' will be
(Font)              scaled to size 5.51999pt on input line 22.
LaTeX Font Info:    Try loading font information for OT1+lmss on input line 22.


(/usr/local/texlive/2015/texmf-dist/tex/latex/lm/ot1lmss.fd
File: ot1lmss.fd 2009/10/30 v1.6 Font defs for Latin Modern
)
\c__siunitx_mathtt_int=\count375
LaTeX Font Info:    Try loading font information for OT1+lmtt on input line 22.


(/usr/local/texlive/2015/texmf-dist/tex/latex/lm/ot1lmtt.fd
File: ot1lmtt.fd 2009/10/30 v1.6 Font defs for Latin Modern
)
LaTeX Font Info:    Try loading font information for TS1+lmr on input line 30.

(/usr/local/texlive/2015/texmf-dist/tex/latex/lm/ts1lmr.fd
File: ts1lmr.fd 2009/10/30 v1.6 Font defs for Latin Modern
)

Package Fancyhdr Warning: \headheight is too small (12.0pt): 
 Make it at least 26.04582pt.
 We now make it that large for the rest of the document.
 This may cause the page layout to be inconsistent, however.


LaTeX Warning: Reference `LastPage' on page 1 undefined on input line 78.

[1

]
LaTeX Font Info:    Try loading font information for T1+lmtt on input line 94.
 (/usr/local/texlive/2015/texmf-dist/tex/latex/lm/t1lmtt.fd
File: t1lmtt.fd 2009/10/30 v1.6 Font defs for Latin Modern
)
LaTeX Font Info:    Font shape `T1/lmtt/bx/n' in size <9> not available
(Font)              Font shape `T1/lmtt/b/n' tried instead on input line 95.


Package Fancyhdr Warning: \headheight is too small (12.0pt): 
 Make it at least 26.04582pt.
 We now make it that large for the rest of the document.
 This may cause the page layout to be inconsistent, however.

[2]
\tf@thm=\write6
\openout6 = `"M13 la dichotomie.thm"'.



Package Fancyhdr Warning: \headheight is too small (12.0pt): 
 Make it at least 26.04582pt.
 We now make it that large for the rest of the document.
 This may cause the page layout to be inconsistent, however.

[3]
Package atveryend Info: Empty hook `BeforeClearDocument' on input line 189.
Package atveryend Info: Executing hook `AfterLastShipout' on input line 189.
 (./M13 la dichotomie.aux

Package atenddvi Warning: Rerun LaTeX, last page not yet found.

)
Package atveryend Info: Empty hook `AtVeryEndDocument' on input line 189.
Package atveryend Info: Executing hook `AtEndAfterFileList' on input line 189.
Package rerunfilecheck Info: File `"M13 la dichotomie".out' has not changed.
(rerunfilecheck)             Checksum: D41D8CD98F00B204E9800998ECF8427E;0.


LaTeX Warning: There were undefined references.


LaTeX Warning: Label(s) may have changed. Rerun to get cross-references right.

Package atveryend Info: Empty hook `AtVeryVeryEnd' on input line 189.
 ) 
Here is how much of TeX's memory you used:
 39592 strings out of 493090
 773465 string characters out of 6134868
 969076 words of memory out of 5000000
 42232 multiletter control sequences out of 15000+600000
 63407 words of font info for 70 fonts, out of 8000000 for 9000
 1141 hyphenation exceptions out of 8191
 63i,11n,92p,10482b,865s stack positions out of 5000i,500n,10000p,200000b,80000s

Output written on "M13 la dichotomie.dvi" (3 pages, 34824 bytes).
