\BOOKMARK [1][-]{section.0.1}{1 Pr\351sentation d'un document}{}% 1
\BOOKMARK [2][-]{subsection.0.1.1}{1.1 Diff\351rent type de documents}{section.0.1}% 2
\BOOKMARK [2][-]{subsection.0.1.2}{1.2 En vrac}{section.0.1}% 3
\BOOKMARK [2][-]{subsection.0.1.3}{1.3 D\351coupage d'un document}{section.0.1}% 4
\BOOKMARK [2][-]{subsection.0.1.4}{1.4 Tableaux-listes}{section.0.1}% 5
\BOOKMARK [1][-]{section.0.2}{2 Math\351matiques}{}% 6
\BOOKMARK [2][-]{subsection.0.2.1}{2.1 Ecrire des maths}{section.0.2}% 7
\BOOKMARK [2][-]{subsection.0.2.2}{2.2 Usage courant}{section.0.2}% 8
\BOOKMARK [2][-]{subsection.0.2.3}{2.3 Fonctions}{section.0.2}% 9
\BOOKMARK [2][-]{subsection.0.2.4}{2.4 Matrices}{section.0.2}% 10
\BOOKMARK [2][-]{subsection.0.2.5}{2.5 Syst\350me d'\351quations}{section.0.2}% 11
\BOOKMARK [2][-]{subsection.0.2.6}{2.6 Num\351rotation des \351quations}{section.0.2}% 12
\BOOKMARK [2][-]{subsection.0.2.7}{2.7 Somme, limite}{section.0.2}% 13
\BOOKMARK [2][-]{subsection.0.2.8}{2.8 Encadrer un truc en maths}{section.0.2}% 14
\BOOKMARK [1][-]{section.0.3}{3 Graphiques}{}% 15
\BOOKMARK [1][-]{section.0.4}{4 Divers}{}% 16
\BOOKMARK [1][-]{section.0.5}{5 Pour faire un diagramme commutatif}{}% 17
\BOOKMARK [1][-]{section.0.6}{6 Fin de d\351monstration}{}% 18
\BOOKMARK [1][-]{section.0.7}{7 Changer la taille des caract\350res math\351matiques}{}% 19
\BOOKMARK [1][-]{section.0.8}{8 Guillemets}{}% 20
\BOOKMARK [2][-]{subsection.0.8.1}{8.1 guillemets de base}{section.0.8}% 21
\BOOKMARK [2][-]{subsection.0.8.2}{8.2 texcomp}{section.0.8}% 22
\BOOKMARK [2][-]{subsection.0.8.3}{8.3 fontenc}{section.0.8}% 23
\BOOKMARK [1][-]{section.0.9}{9 Symbole de contradiction}{}% 24
\BOOKMARK [1][-]{section.0.10}{10 Utilisation de parindent}{}% 25
\BOOKMARK [1][-]{section.0.11}{11 Pas de num\351ro de page}{}% 26
